This is pdfTeX, Version 3.1415926-2.5-1.40.14 (TeX Live 2013)
 restricted \write18 enabled.
entering extended mode
(./StandardModel.tex
LaTeX2e <2011/06/27>
Babel <3.9f> and hyphenation patterns for 78 languages loaded.
(/usr/local/texlive/2013/texmf-dist/tex/latex/base/book.cls
Document Class: book 2007/10/19 v1.4h Standard LaTeX document class
(/usr/local/texlive/2013/texmf-dist/tex/latex/base/bk10.clo))
(/usr/local/texlive/2013/texmf-dist/tex/latex/base/latexsym.sty)
(/usr/local/texlive/2013/texmf-dist/tex/generic/xypic/xy.sty
(/usr/local/texlive/2013/texmf-dist/tex/generic/xypic/xy.tex Bootstrap'ing:
catcodes, docmode,
(/usr/local/texlive/2013/texmf-dist/tex/generic/xypic/xyrecat.tex)
(/usr/local/texlive/2013/texmf-dist/tex/generic/xypic/xyidioms.tex)

 Xy-pic version 3.8.8 <2012/05/24>
 Copyright (c) 1991-2011 by Kristoffer H. Rose <krisrose@tug.org>
 Xy-pic is free software: see the User's Guide for details.

Loading kernel: messages; fonts; allocations: state, direction,
utility macros; pictures: \xy, positions, objects, decorations;
kernel objects: directionals, circles, text; options; algorithms: directions,
edges, connections;  Xy-pic loaded)
(/usr/local/texlive/2013/texmf-dist/tex/generic/oberdiek/ifpdf.sty)
(/usr/local/texlive/2013/texmf-dist/tex/generic/xypic/xyall.tex
 Xy-pic option: All features v.3.8
(/usr/local/texlive/2013/texmf-dist/tex/generic/xypic/xycurve.tex
 Xy-pic option: Curve and Spline extension v.3.12 curve, circles, loaded)
(/usr/local/texlive/2013/texmf-dist/tex/generic/xypic/xyframe.tex
 Xy-pic option: Frame and Bracket extension v.3.14 loaded)
(/usr/local/texlive/2013/texmf-dist/tex/generic/xypic/xycmtip.tex
 Xy-pic option: Computer Modern tip extension v.3.7
(/usr/local/texlive/2013/texmf-dist/tex/generic/xypic/xytips.tex
 Xy-pic option: More Tips extension v.3.9 loaded) loaded)
(/usr/local/texlive/2013/texmf-dist/tex/generic/xypic/xyline.tex
 Xy-pic option: Line styles extension v.3.10 loaded)
(/usr/local/texlive/2013/texmf-dist/tex/generic/xypic/xyrotate.tex
 Xy-pic option: Rotate and Scale extension v.3.8 loaded)
(/usr/local/texlive/2013/texmf-dist/tex/generic/xypic/xycolor.tex
 Xy-pic option: Colour extension v.3.11 loaded)
(/usr/local/texlive/2013/texmf-dist/tex/generic/xypic/xymatrix.tex
 Xy-pic option: Matrix feature v.3.14 loaded)
(/usr/local/texlive/2013/texmf-dist/tex/generic/xypic/xyarrow.tex
 Xy-pic option: Arrow and Path feature v.3.9 path, \ar, loaded)
(/usr/local/texlive/2013/texmf-dist/tex/generic/xypic/xygraph.tex
 Xy-pic option: Graph feature v.3.11 loaded) loaded)
(/usr/local/texlive/2013/texmf-dist/tex/generic/xypic/xypdf.tex
 Xy-pic option: PDF driver v.1.7 Xy-pic pdf driver: `color' extension support
(/usr/local/texlive/2013/texmf-dist/tex/generic/xypic/xypdf-co.tex loaded)
Xy-pic pdf driver: `curve' extension support
(/usr/local/texlive/2013/texmf-dist/tex/generic/xypic/xypdf-cu.tex loaded)
Xy-pic pdf driver: `frame' extension support
(/usr/local/texlive/2013/texmf-dist/tex/generic/xypic/xypdf-fr.tex loaded)
Xy-pic pdf driver: `line' extension support
(/usr/local/texlive/2013/texmf-dist/tex/generic/xypic/xypdf-li.tex loaded)
Xy-pic pdf driver: `rotate' extension support
(/usr/local/texlive/2013/texmf-dist/tex/generic/xypic/xypdf-ro.tex loaded)
loaded)) (/usr/local/texlive/2013/texmf-dist/tex/latex/lastpage/lastpage.sty)
(/usr/local/texlive/2013/texmf-dist/tex/latex/graphics/graphicx.sty
(/usr/local/texlive/2013/texmf-dist/tex/latex/graphics/keyval.sty)
(/usr/local/texlive/2013/texmf-dist/tex/latex/graphics/graphics.sty
(/usr/local/texlive/2013/texmf-dist/tex/latex/graphics/trig.sty)
(/usr/local/texlive/2013/texmf-dist/tex/latex/latexconfig/graphics.cfg)
(/usr/local/texlive/2013/texmf-dist/tex/latex/pdftex-def/pdftex.def
(/usr/local/texlive/2013/texmf-dist/tex/generic/oberdiek/infwarerr.sty)
(/usr/local/texlive/2013/texmf-dist/tex/generic/oberdiek/ltxcmds.sty))))
(/usr/local/texlive/2013/texmf-dist/tex/latex/fancyhdr/fancyhdr.sty)
(/usr/local/texlive/2013/texmf-dist/tex/latex/fncychap/fncychap.sty)
(/usr/local/texlive/2013/texmf-dist/tex/latex/hyperref/hyperref.sty
(/usr/local/texlive/2013/texmf-dist/tex/generic/oberdiek/hobsub-hyperref.sty
(/usr/local/texlive/2013/texmf-dist/tex/generic/oberdiek/hobsub-generic.sty))
(/usr/local/texlive/2013/texmf-dist/tex/generic/ifxetex/ifxetex.sty)
(/usr/local/texlive/2013/texmf-dist/tex/latex/oberdiek/auxhook.sty)
(/usr/local/texlive/2013/texmf-dist/tex/latex/oberdiek/kvoptions.sty)
(/usr/local/texlive/2013/texmf-dist/tex/latex/hyperref/pd1enc.def)
(/usr/local/texlive/2013/texmf-dist/tex/latex/latexconfig/hyperref.cfg)
(/usr/local/texlive/2013/texmf-dist/tex/latex/url/url.sty))

Package hyperref Message: Driver (autodetected): hpdftex.

(/usr/local/texlive/2013/texmf-dist/tex/latex/hyperref/hpdftex.def
(/usr/local/texlive/2013/texmf-dist/tex/latex/oberdiek/rerunfilecheck.sty))
(./page_layout.tex) (./custom_commands.tex)

LaTeX Warning: Unused global option(s):
    [A4].

No file StandardModel.aux.
(/usr/local/texlive/2013/texmf-dist/tex/latex/base/ulasy.fd)
(/usr/local/texlive/2013/texmf-dist/tex/context/base/supp-pdf.mkii
[Loading MPS to PDF converter (version 2006.09.02).]
) (/usr/local/texlive/2013/texmf-dist/tex/latex/oberdiek/epstopdf-base.sty
(/usr/local/texlive/2013/texmf-dist/tex/latex/oberdiek/grfext.sty)
(/usr/local/texlive/2013/texmf-dist/tex/latex/latexconfig/epstopdf-sys.cfg))
(/usr/local/texlive/2013/texmf-dist/tex/latex/hyperref/nameref.sty
(/usr/local/texlive/2013/texmf-dist/tex/generic/oberdiek/gettitlestring.sty))
(./StandardModel.out) (./StandardModel.out) [1{/usr/local/texlive/2013/texmf-va
r/fonts/map/pdftex/updmap/pdftex.map}]

LaTeX Warning: Reference `LastPage' on page 2 undefined on input line 30.

[2]
Overfull \hbox (6.0pt too wide) in paragraph at lines 30--30
[][] 

Package hyperref Warning: old toc file detected, not used; run LaTeX again.

[3]

LaTeX Warning: Reference `LastPage' on page 4 undefined on input line 31.

[4]
Overfull \hbox (6.0pt too wide) in paragraph at lines 31--31
[][] 

Package hyperref Warning: old lof file detected, not used; run LaTeX again.

[5]

LaTeX Warning: Reference `LastPage' on page 6 undefined on input line 34.

[6] (./chapter_1.tex
Chapter 1.
(/usr/local/texlive/2013/texmf-dist/tex/latex/base/omscmr.fd) [7]

LaTeX Warning: Reference `fig:ch1_galacticCurve' on page 8 undefined on input l
ine 157.


LaTeX Warning: Reference `LastPage' on page 8 undefined on input line 158.

[8] <images/chapter_1/galacticCurve.pdf, id=553, 590.205pt x 484.30937pt>
<use images/chapter_1/galacticCurve.pdf>

LaTeX Warning: Citation `galacticCurve' on page 9 undefined on input line 162.


LaTeX Warning: Citation `galacticCurve' on page 9 undefined on input line 162.


LaTeX Warning: Reference `LastPage' on page 9 undefined on input line 181.

[9 <./images/chapter_1/galacticCurve.pdf>]
<images/web_feynman/image_88.png, id=569, 451.6875pt x 561.09625pt>
<use images/web_feynman/image_88.png>

LaTeX Warning: Reference `LastPage' on page 10 undefined on input line 197.

[10 <./images/web_feynman/image_88.png>]

LaTeX Warning: Reference `fig:ch1_type1Supernovae' on page 11 undefined on inpu
t line 203.

<images/chapter_1/type1Supernovae.pdf, id=577, 472.76625pt x 456.20438pt>
<use images/chapter_1/type1Supernovae.pdf>

LaTeX Warning: Citation `typeOneSupernovae' on page 11 undefined on input line 
208.


LaTeX Warning: Reference `LastPage' on page 11 undefined on input line 216.

[11 <./images/chapter_1/type1Supernovae.pdf>]

LaTeX Warning: Reference `fig:ch1_powerSpectrum' on page 12 undefined on input 
line 219.

<images/chapter_1/powerSpectrum.pdf, id=594, 696.6025pt x 691.08188pt>
<use images/chapter_1/powerSpectrum.pdf>

LaTeX Warning: Citation `powerSpectrum' on page 12 undefined on input line 224.



LaTeX Warning: Reference `fig:ch1_NToPENu' on page 12 undefined on input line 2
56.

<images/web_feynman/image_1.png, id=595, 676.5275pt x 354.32375pt>
<use images/web_feynman/image_1.png>

LaTeX Warning: Reference `fig:ch1_NueEToNumMu' on page 12 undefined on input li
ne 266.


LaTeX Warning: Reference `fig:ch1_ENueToENue' on page 12 undefined on input lin
e 266.

<images/web_feynman/image_2.png, id=596, 583.17876pt x 315.1775pt>
<use images/web_feynman/image_2.png>
<images/web_feynman/image_3.png, id=597, 372.39125pt x 425.59pt>
<use images/web_feynman/image_3.png>
<images/web_feynman/image_4.png, id=598, 372.39125pt x 425.59pt>
<use images/web_feynman/image_4.png>

LaTeX Warning: Reference `LastPage' on page 12 undefined on input line 287.

[12]

LaTeX Warning: Reference `LastPage' on page 13 undefined on input line 287.

[13 <./images/chapter_1/powerSpectrum.pdf>]

LaTeX Warning: Reference `LastPage' on page 14 undefined on input line 287.

[14 <./images/web_feynman/image_1.png> <./images/web_feynman/image_2.png>]

LaTeX Warning: Reference `LastPage' on page 15 undefined on input line 287.

[15 <./images/web_feynman/image_3.png> <./images/web_feynman/image_4.png>]

LaTeX Warning: Reference `LastPage' on page 16 undefined on input line 335.

[16]

LaTeX Warning: Reference `fig:ch1_runningCoupling' on page 17 undefined on inpu
t line 347.

<images/web_feynman/image_5.png, id=640, 311.1625pt x 413.545pt>
<use images/web_feynman/image_5.png>
<images/web_feynman/image_6.png, id=641, 311.1625pt x 413.545pt>
<use images/web_feynman/image_6.png>
<images/web_feynman/image_7.png, id=642, 311.1625pt x 413.545pt>
<use images/web_feynman/image_7.png>

LaTeX Warning: Reference `fig:ch1_SUSYUnification' on page 17 undefined on inpu
t line 361.

<images/chapter_1/SUSYUnification.pdf, id=643, 711.65875pt x 430.60875pt>
<use images/chapter_1/SUSYUnification.pdf>

LaTeX Warning: Citation `SUSYUnification' on page 17 undefined on input line 37
2.


LaTeX Warning: Citation `SUSYUnification' on page 17 undefined on input line 37
2.

)

LaTeX Warning: Reference `LastPage' on page 17 undefined on input line 36.

[17 <./images/web_feynman/image_5.png> <./images/web_feynman/image_6.png> <./im
ages/web_feynman/image_7.png>]

LaTeX Warning: Reference `LastPage' on page 18 undefined on input line 36.

[18 <./images/chapter_1/SUSYUnification.pdf>] (./chapter_2.tex
Chapter 2.
[19]

LaTeX Warning: Reference `eq:luminosity' on page 20 undefined on input line 70.



LaTeX Warning: Reference `fig:ch2_pionNucleonScattering' on page 20 undefined o
n input line 74.


LaTeX Warning: Reference `fig:ch2_PPToPPPi0' on page 20 undefined on input line
 74.

<images/web_feynman/image_8.png, id=672, 556.0775pt x 418.56375pt>
<use images/web_feynman/image_8.png>
<images/chapter_2/pionNucleonScattering.pdf, id=673, 716.6775pt x 457.71pt>
<use images/chapter_2/pionNucleonScattering.pdf>

LaTeX Warning: Citation `pionNucleonScattering' on page 20 undefined on input l
ine 90.


LaTeX Warning: Citation `pionNucleonScattering' on page 20 undefined on input l
ine 90.


LaTeX Warning: Reference `LastPage' on page 20 undefined on input line 99.

[20]

LaTeX Warning: Text page 21 contains only floats.


LaTeX Warning: Reference `LastPage' on page 21 undefined on input line 99.

[21 <./images/web_feynman/image_8.png> <./images/chapter_2/pionNucleonScatterin
g.pdf>]

LaTeX Warning: Reference `fig:ch2_energyLoss' on page 22 undefined on input lin
e 101.

<images/chapter_2/Argus.pdf, id=696, 447.6725pt x 293.095pt>
<use images/chapter_2/Argus.pdf>

LaTeX Warning: Citation `energyLoss' on page 22 undefined on input line 106.


LaTeX Warning: Citation `energyLoss' on page 22 undefined on input line 106.


LaTeX Warning: Reference `LastPage' on page 22 undefined on input line 139.

[22 <./images/chapter_2/Argus.pdf>])

LaTeX Warning: Reference `LastPage' on page 23 undefined on input line 38.

[23]

LaTeX Warning: Reference `LastPage' on page 24 undefined on input line 38.

[24] (./chapter_3.tex
Chapter 3.

LaTeX Warning: Reference `fig:ch3_CoNi' on page 25 undefined on input line 25.

[25]

LaTeX Warning: Reference `LastPage' on page 26 undefined on input line 145.

[26]

LaTeX Warning: Reference `LastPage' on page 27 undefined on input line 278.

[27]

LaTeX Warning: Reference `fig:ch3_mesonNonetSpin0' on page 28 undefined on inpu
t line 292.


LaTeX Warning: Reference `fig:ch3_mesonNonetSpin1' on page 28 undefined on inpu
t line 292.

<images/chapter_3/MesonNonetSpin0.pdf, id=736, 1604.99625pt x 1156.32pt>
<use images/chapter_3/MesonNonetSpin0.pdf>

LaTeX Warning: Citation `mesonNonets' on page 28 undefined on input line 297.

<images/chapter_3/MesonNonetSpin1.pdf, id=737, 1604.99625pt x 1156.32pt>
<use images/chapter_3/MesonNonetSpin1.pdf>

LaTeX Warning: Citation `mesonNonets' on page 28 undefined on input line 305.


LaTeX Warning: Reference `LastPage' on page 28 undefined on input line 310.

[28 <./images/chapter_3/MesonNonetSpin0.pdf> <./images/chapter_3/MesonNonetSpin
1.pdf>]

LaTeX Warning: Reference `fig:ch3_NumPToMuHad' on page 29 undefined on input li
ne 316.

<images/web_feynman/image_9.png, id=764, 583.17876pt x 352.31625pt>
<use images/web_feynman/image_9.png>
<images/web_feynman/image_10.png, id=765, 583.17876pt x 352.31625pt>
<use images/web_feynman/image_10.png>

LaTeX Warning: Reference `LastPage' on page 29 undefined on input line 360.

[29 <./images/web_feynman/image_9.png> <./images/web_feynman/image_10.png>]

LaTeX Warning: Reference `LastPage' on page 30 undefined on input line 416.

[30]

LaTeX Warning: Reference `fig:ch3_F2' on page 31 undefined on input line 426.


LaTeX Warning: Reference `fig:ch3_EPToEHad' on page 31 undefined on input line 
426.

<images/chapter_3/F2.pdf, id=777, 637.38126pt x 766.865pt>
<use images/chapter_3/F2.pdf>

LaTeX Warning: Citation `F2' on page 31 undefined on input line 431.

<images/web_feynman/image_11.png, id=778, 573.14125pt x 344.28625pt>
<use images/web_feynman/image_11.png>

LaTeX Warning: Reference `fig:ch3_electroweakUnification' on page 31 undefined 
on input line 449.


<images/chapter_3/electroweakUnification.pdf, id=779, 564.1075pt x 534.99875pt>
<use images/chapter_3/electroweakUnification.pdf>

LaTeX Warning: Citation `SUSYUnification' on page 31 undefined on input line 45
4.


LaTeX Warning: Citation `SUSYUnification' on page 31 undefined on input line 45
4.


LaTeX Warning: Reference `LastPage' on page 31 undefined on input line 459.

[31]

LaTeX Warning: Reference `LastPage' on page 32 undefined on input line 459.

[32 <./images/chapter_3/F2.pdf> <./images/web_feynman/image_11.png>]

LaTeX Warning: Reference `LastPage' on page 33 undefined on input line 459.

[33 <./images/chapter_3/electroweakUnification.pdf>]

LaTeX Warning: Reference `fig:ch3_mumuspectrumCMS' on page 34 undefined on inpu
t line 465.

<images/chapter_3/mumuspectrumCMS.pdf, id=817, 1244.65pt x 837.1275pt>
<use images/chapter_3/mumuspectrumCMS.pdf>

LaTeX Warning: Citation `mumuspectrumCMS' on page 34 undefined on input line 47
0.


LaTeX Warning: Reference `fig:ch3_TwoJetVsThreeJet' on page 34 undefined on inp
ut line 477.

<images/web_feynman/image_14.png, id=818, 598.235pt x 325.215pt>
<use images/web_feynman/image_14.png>
<images/web_feynman/image_15.png, id=819, 500.87125pt x 495.8525pt>
<use images/web_feynman/image_15.png>

LaTeX Warning: Reference `fig:ch3_neutrinos' on page 34 undefined on input line
 490.

<images/chapter_3/zwidth.pdf, id=820, 602.25pt x 595.22375pt>
<use images/chapter_3/zwidth.pdf>

LaTeX Warning: Citation `numberOfNeutrinos' on page 34 undefined on input line 
495.


LaTeX Warning: Citation `numberOfNeutrinos' on page 34 undefined on input line 
495.


LaTeX Warning: Reference `fig:ch3_EEToHZ' on page 34 undefined on input line 50
5.


LaTeX Warning: Reference `LastPage' on page 34 undefined on input line 506.

[34 <./images/chapter_3/mumuspectrumCMS.pdf>]
<images/web_feynman/image_16.png, id=838, 573.14125pt x 319.1925pt>
<use images/web_feynman/image_16.png>
Underfull \vbox (badness 10000) has occurred while \output is active

LaTeX Warning: Reference `LastPage' on page 35 undefined on input line 524.

[35 <./images/web_feynman/image_14.png> <./images/web_feynman/image_15.png>]
Underfull \vbox (badness 10000) has occurred while \output is active

LaTeX Warning: Reference `LastPage' on page 36 undefined on input line 524.

[36 <./images/chapter_3/zwidth.pdf> <./images/web_feynman/image_16.png>]
<images/chapter_3/Upsilon.pdf, id=863, 602.25pt x 890.32625pt>
<use images/chapter_3/Upsilon.pdf>

LaTeX Warning: Citation `Upsilon' on page 37 undefined on input line 530.


LaTeX Warning: Reference `LastPage' on page 37 undefined on input line 538.

[37 <./images/chapter_3/Upsilon.pdf>]
<images/chapter_3/QCD_pt.pdf, id=881, 855.195pt x 812.03375pt>
<use images/chapter_3/QCD_pt.pdf>

LaTeX Warning: Citation `QCD_pt' on page 38 undefined on input line 542.


LaTeX Warning: Citation `QCD_pt' on page 38 undefined on input line 542.


LaTeX Warning: Reference `fig:ch3_QCD_pt' on page 38 undefined on input line 54
7.

)

LaTeX Warning: Reference `LastPage' on page 38 undefined on input line 40.

[38 <./images/chapter_3/QCD_pt.pdf>] (./chapter_4.tex
Chapter 4.

LaTeX Warning: Reference `eq:schroedinger1' on page 39 undefined on input line 
25.


LaTeX Warning: Reference `eq:schroedinger1' on page 39 undefined on input line 
26.


LaTeX Warning: Reference `eq:schroedinger3' on page 39 undefined on input line 
27.


LaTeX Warning: Reference `eq:schroedinger2' on page 39 undefined on input line 
28.


LaTeX Warning: Reference `eq:schroedinger4' on page 39 undefined on input line 
28.

[39]

LaTeX Warning: Reference `eq:schroedinger5' on page 40 undefined on input line 
36.


LaTeX Warning: Reference `LastPage' on page 40 undefined on input line 72.

[40]

LaTeX Warning: Reference `LastPage' on page 41 undefined on input line 121.

[41]

LaTeX Warning: Reference `LastPage' on page 42 undefined on input line 169.

[42]

LaTeX Warning: Reference `eq:hamiltonianSHO' on page 43 undefined on input line
 177.


LaTeX Warning: Reference `eq:hamiltonianSHO' on page 43 undefined on input line
 191.


LaTeX Warning: Reference `eq:hamiltonianSHO' on page 43 undefined on input line
 193.


LaTeX Warning: Reference `LastPage' on page 43 undefined on input line 218.

[43]

LaTeX Warning: Reference `LastPage' on page 44 undefined on input line 276.

[44]

LaTeX Warning: Reference `LastPage' on page 45 undefined on input line 312.

[45]

LaTeX Warning: Reference `LastPage' on page 46 undefined on input line 366.

[46]

LaTeX Warning: Reference `fig:ch4_action' on page 47 undefined on input line 39
1.

<images/chapter_4/action2.pdf, id=932, 1003.75pt x 501.875pt>
<use images/chapter_4/action2.pdf>

LaTeX Warning: Reference `LastPage' on page 47 undefined on input line 420.

[47]

LaTeX Warning: Reference `LastPage' on page 48 undefined on input line 442.

[48 <./images/chapter_4/action2.pdf>]

LaTeX Warning: Reference `fig:ch4_diracDelta' on page 49 undefined on input lin
e 471.

<images/chapter_4/diracDelta.pdf, id=952, 1003.75pt x 501.875pt>
<use images/chapter_4/diracDelta.pdf>

LaTeX Warning: Reference `LastPage' on page 49 undefined on input line 506.

[49]

LaTeX Warning: Reference `LastPage' on page 50 undefined on input line 531.

[50 <./images/chapter_4/diracDelta.pdf>]

LaTeX Warning: Reference `LastPage' on page 51 undefined on input line 573.

[51]

LaTeX Warning: Reference `fig:ch4_heaviside' on page 52 undefined on input line
 607.

<images/chapter_4/heaviside.pdf, id=978, 1003.75pt x 501.875pt>
<use images/chapter_4/heaviside.pdf>

LaTeX Warning: Reference `LastPage' on page 52 undefined on input line 631.

[52])

LaTeX Warning: Reference `LastPage' on page 53 undefined on input line 42.

[53 <./images/chapter_4/heaviside.pdf>]

LaTeX Warning: Reference `LastPage' on page 54 undefined on input line 42.

[54] (./chapter_5.tex
Chapter 5.
[55]

LaTeX Warning: Reference `fig:ch5_lightcone' on page 56 undefined on input line
 94.


LaTeX Warning: Reference `LastPage' on page 56 undefined on input line 95.

[56] <images/chapter_5/lightcone.pdf, id=1016, 1003.75pt x 1003.75pt>
<use images/chapter_5/lightcone.pdf>

LaTeX Warning: Reference `LastPage' on page 57 undefined on input line 120.

[57 <./images/chapter_5/lightcone.pdf>]

LaTeX Warning: Reference `LastPage' on page 58 undefined on input line 167.

[58]

LaTeX Warning: Reference `fig:ch5_mandelstan' on page 59 undefined on input lin
e 171.

<images/web_feynman/image_17.png, id=1036, 498.86375pt x 392.46625pt>
<use images/web_feynman/image_17.png>
<images/web_feynman/image_18.png, id=1037, 512.91624pt x 382.42876pt>
<use images/web_feynman/image_18.png>
<images/web_feynman/image_19.png, id=1038, 515.9275pt x 392.46625pt>
<use images/web_feynman/image_19.png>
Overfull \hbox (92.63701pt too wide) in paragraph at lines 175--180
 [] 

LaTeX Warning: Reference `LastPage' on page 59 undefined on input line 200.

[59 <./images/web_feynman/image_17.png> <./images/web_feynman/image_18.png> <./
images/web_feynman/image_19.png>]

LaTeX Warning: Reference `eq:relativisticmass' on page 60 undefined on input li
ne 228.


LaTeX Warning: Reference `eq:relativisticep' on page 60 undefined on input line
 228.


LaTeX Warning: Reference `eq:kleingordon' on page 60 undefined on input line 23
6.


LaTeX Warning: Reference `eq:kleingordon' on page 60 undefined on input line 23
6.


LaTeX Warning: Reference `eq:kleingordon' on page 60 undefined on input line 24
0.


LaTeX Warning: Reference `eq:kleingordonconjugate' on page 60 undefined on inpu
t line 241.


LaTeX Warning: Reference `eq:phistarphi' on page 60 undefined on input line 242
.


LaTeX Warning: Reference `eq:phiphistar' on page 60 undefined on input line 242
.


LaTeX Warning: Reference `LastPage' on page 60 undefined on input line 263.

[60]

LaTeX Warning: Reference `fig:ch5_paths' on page 61 undefined on input line 308
.


LaTeX Warning: Reference `LastPage' on page 61 undefined on input line 309.

[61] <images/chapter_5/path1.pdf, id=1061, 1003.75pt x 1003.75pt>
<use images/chapter_5/path1.pdf>
<images/chapter_5/path2.pdf, id=1062, 1003.75pt x 1003.75pt>
<use images/chapter_5/path2.pdf>
Overfull \hbox (23.99998pt too wide) in paragraph at lines 312--316
 [] 
)

LaTeX Warning: Reference `LastPage' on page 62 undefined on input line 44.

[62 <./images/chapter_5/path1.pdf> <./images/chapter_5/path2.pdf>]
(./chapter_6.tex
Chapter 6.
[63]
Overfull \hbox (30.75755pt too wide) detected at line 60
\OML/cmm/m/it/10  \OT1/cmr/m/n/10 ([][]\OML/cmm/m/it/10 ; t[]\OT1/cmr/m/n/10 ) 
= \OML/cmm/m/it/10 ^^^\OT1/cmr/m/n/10 ([][]\OML/cmm/m/it/10 ; t[]\OT1/cmr/m/n/1
0 ) + [] d[]\OML/cmm/m/it/10 x[]G[]\OT1/cmr/m/n/10 (\OML/cmm/m/it/10 x[]\OT1/cm
r/m/n/10 ; 1)\OML/cmm/m/it/10 V\OT1/cmr/m/n/10 (1)\OML/cmm/m/it/10 ^^^\OT1/cmr/
m/n/10 (1) + [] [] d[]\OML/cmm/m/it/10 x[]\OT1/cmr/m/n/10 d[]\OML/cmm/m/it/10 x
[]G[]\OT1/cmr/m/n/10 (\OML/cmm/m/it/10 x[]\OT1/cmr/m/n/10 ; 2)\OML/cmm/m/it/10 
V\OT1/cmr/m/n/10 (2)\OML/cmm/m/it/10 G[]\OT1/cmr/m/n/10 (2; 1)\OML/cmm/m/it/10 
V\OT1/cmr/m/n/10 (1)\OML/cmm/m/it/10 ^^^\OT1/cmr/m/n/10 (1)

LaTeX Warning: Reference `LastPage' on page 64 undefined on input line 77.

[64])

LaTeX Warning: Reference `LastPage' on page 65 undefined on input line 46.

[65]

LaTeX Warning: Reference `LastPage' on page 66 undefined on input line 46.

[66] (./chapter_7.tex
Chapter 7.
<images/web_feynman/image_20.png, id=1104, 382.42876pt x 305.14pt>
<use images/web_feynman/image_20.png>

LaTeX Warning: Reference `fig:ch7_EMuToEMu' on page 67 undefined on input line 
13.

[67 <./images/web_feynman/image_20.png>]

LaTeX Warning: Reference `LastPage' on page 68 undefined on input line 66.

[68]

LaTeX Warning: Reference `eq:boxaj' on page 69 undefined on input line 88.


LaTeX Warning: Reference `eq:boxaj' on page 69 undefined on input line 90.


LaTeX Warning: Reference `eq:boxaj' on page 69 undefined on input line 97.


Overfull \hbox (45.29976pt too wide) in alignment at lines 99--103
 [][][] []

LaTeX Warning: Reference `LastPage' on page 69 undefined on input line 119.

[69]
Overfull \hbox (52.76973pt too wide) in alignment at lines 125--131
 [][][] []

LaTeX Warning: Reference `LastPage' on page 70 undefined on input line 167.

[70]

LaTeX Warning: Reference `fig:ch7_EMuToEMuScatterAngle' on page 71 undefined on
 input line 211.


LaTeX Warning: Reference `LastPage' on page 71 undefined on input line 218.

[71] <images/web_feynman/image_21.png, id=1130, 451.6875pt x 234.8775pt>
<use images/web_feynman/image_21.png>

LaTeX Warning: Reference `LastPage' on page 72 undefined on input line 245.

[72 <./images/web_feynman/image_21.png>]

LaTeX Warning: Reference `fig:ch7_particleScattering' on page 73 undefined on i
nput line 253.


LaTeX Warning: Reference `fig:ch7_genericScatterAngle' on page 73 undefined on 
input line 253.

<images/web_feynman/image_22.png, id=1137, 472.76625pt x 354.32375pt>
<use images/web_feynman/image_22.png>
<images/web_feynman/image_23.png, id=1138, 462.72874pt x 203.76125pt>
<use images/web_feynman/image_23.png>

LaTeX Warning: Reference `LastPage' on page 73 undefined on input line 288.

[73 <./images/web_feynman/image_22.png>]

LaTeX Warning: Reference `LastPage' on page 74 undefined on input line 317.

[74 <./images/web_feynman/image_23.png>])

LaTeX Warning: Reference `LastPage' on page 75 undefined on input line 48.

[75]

LaTeX Warning: Reference `LastPage' on page 76 undefined on input line 48.

[76] (./chapter_8.tex
Chapter 8.
[77]

LaTeX Warning: Reference `LastPage' on page 78 undefined on input line 135.

[78]

LaTeX Warning: Reference `LastPage' on page 79 undefined on input line 199.

[79]

LaTeX Warning: Reference `LastPage' on page 80 undefined on input line 243.

[80]

LaTeX Warning: Reference `eq:dirac' on page 81 undefined on input line 275.


LaTeX Warning: Reference `eq:adjointdirac' on page 81 undefined on input line 2
75.


LaTeX Warning: Reference `eq:dirac' on page 81 undefined on input line 278.


LaTeX Warning: Reference `eq:adjointdirac' on page 81 undefined on input line 2
79.


LaTeX Warning: Reference `LastPage' on page 81 undefined on input line 305.

[81]

LaTeX Warning: Reference `LastPage' on page 82 undefined on input line 389.

[82]

LaTeX Warning: Reference `eq:diracub' on page 83 undefined on input line 436.


LaTeX Warning: Reference `eq:diracua' on page 83 undefined on input line 437.


LaTeX Warning: Reference `LastPage' on page 83 undefined on input line 492.

[83]

LaTeX Warning: Reference `LastPage' on page 84 undefined on input line 582.

[84]

LaTeX Warning: Reference `LastPage' on page 85 undefined on input line 657.

[85]
Overfull \hbox (26.2245pt too wide) detected at line 750
[] [] \OMS/cmsy/m/n/10 ^^@ [] [] \OT1/cmr/m/n/10 = []
<images/web_feynman/image_24.png, id=1201, 551.05875pt x 478.78876pt>
<use images/web_feynman/image_24.png>

LaTeX Warning: Reference `fig:ch8_momentum' on page 86 undefined on input line 
768.


Overfull \hbox (16.22647pt too wide) in alignment at lines 770--818
 [][][] []

LaTeX Warning: Reference `LastPage' on page 86 undefined on input line 854.

[86]

LaTeX Warning: Reference `LastPage' on page 87 undefined on input line 898.

[87 <./images/web_feynman/image_24.png>]

LaTeX Warning: Reference `LastPage' on page 88 undefined on input line 1048.

[88]

LaTeX Warning: Reference `eq:completeness1' on page 89 undefined on input line 
1175.


LaTeX Warning: Reference `eq:completeness2' on page 89 undefined on input line 
1175.


LaTeX Warning: Reference `LastPage' on page 89 undefined on input line 1186.

[89]
Overfull \hbox (51.92734pt too wide) in alignment at lines 1213--1222
 [][][] []

LaTeX Warning: Reference `LastPage' on page 90 undefined on input line 1222.

[90]

LaTeX Warning: Reference `LastPage' on page 91 undefined on input line 1290.

[91]

LaTeX Warning: Reference `LastPage' on page 92 undefined on input line 1345.

[92] <images/web_feynman/image_87.png, id=1241, 473.77pt x 370.38374pt>
<use images/web_feynman/image_87.png>

LaTeX Warning: Reference `LastPage' on page 93 undefined on input line 1412.

[93]

LaTeX Warning: Reference `LastPage' on page 94 undefined on input line 1453.

[94 <./images/web_feynman/image_87.png>]
Overfull \hbox (6.4151pt too wide) in paragraph at lines 1478--1479
[]\OT1/cmr/m/n/10 The only non-zero terms are terms in-volv-ing two or four $\O
ML/cmm/m/it/10 ^^M$ \OT1/cmr/m/n/10 ma-tri-ces. eg $[] =

Overfull \hbox (5.84407pt too wide) in alignment at lines 1480--1486
 [][][] []

LaTeX Warning: Reference `LastPage' on page 95 undefined on input line 1513.

[95]

LaTeX Warning: Reference `fig:ch8_EMuToEMuMomenta' on page 96 undefined on inpu
t line 1517.

<images/web_feynman/image_25.png, id=1256, 409.53pt x 430.60875pt>
<use images/web_feynman/image_25.png>
<images/web_feynman/image_26.png, id=1257, 637.38126pt x 338.26375pt>
<use images/web_feynman/image_26.png>
Overfull \hbox (23.99998pt too wide) in paragraph at lines 1521--1525
 [] 

LaTeX Warning: Reference `LastPage' on page 96 undefined on input line 1532.

[96 <./images/web_feynman/image_25.png> <./images/web_feynman/image_26.png>]

LaTeX Warning: Reference `LastPage' on page 97 undefined on input line 1576.

[97] <images/web_feynman/image_28.png, id=1270, 543.02875pt x 305.14pt>
<use images/web_feynman/image_28.png>
<images/web_feynman/image_29.png, id=1271, 543.02875pt x 363.3575pt>
<use images/web_feynman/image_29.png>
Overfull \hbox (23.99998pt too wide) in paragraph at lines 1602--1606
 [] 
<images/web_feynman/image_30.png, id=1272, 472.76625pt x 405.515pt>
<use images/web_feynman/image_30.png>

LaTeX Warning: Reference `LastPage' on page 98 undefined on input line 1625.

[98 <./images/web_feynman/image_28.png> <./images/web_feynman/image_29.png>]
<images/web_feynman/image_31.png, id=1280, 573.14125pt x 425.59pt>
<use images/web_feynman/image_31.png>

LaTeX Warning: Reference `LastPage' on page 99 undefined on input line 1648.

[99 <./images/web_feynman/image_30.png>]
<images/web_feynman/image_32.png, id=1287, 587.19376pt x 325.215pt>
<use images/web_feynman/image_32.png>
<images/web_feynman/image_34.png, id=1288, 558.085pt x 401.5pt>
<use images/web_feynman/image_34.png>

LaTeX Warning: Reference `LastPage' on page 100 undefined on input line 1671.

[100 <./images/web_feynman/image_31.png> <./images/web_feynman/image_32.png> <.
/images/web_feynman/image_34.png>]
<images/web_feynman/image_33.png, id=1299, 593.21625pt x 365.365pt>
<use images/web_feynman/image_33.png>

LaTeX Warning: Reference `LastPage' on page 101 undefined on input line 1729.

[101])

LaTeX Warning: Reference `LastPage' on page 102 undefined on input line 50.

[102 <./images/web_feynman/image_33.png>] (./chapter_9.tex
Chapter 9.
[103]

LaTeX Warning: Reference `eq:maxwell1' on page 104 undefined on input line 47.


LaTeX Warning: Reference `eq:maxwell2' on page 104 undefined on input line 47.


LaTeX Warning: Reference `LastPage' on page 104 undefined on input line 74.

[104]

LaTeX Warning: Reference `LastPage' on page 105 undefined on input line 135.

[105]

LaTeX Warning: Reference `eq:propagator' on page 106 undefined on input line 16
9.


LaTeX Warning: Reference `LastPage' on page 106 undefined on input line 185.

[106]

LaTeX Warning: Reference `LastPage' on page 107 undefined on input line 236.

[107]
Overfull \hbox (23.67644pt too wide) in alignment at lines 244--247
 [][][] []

LaTeX Warning: Reference `LastPage' on page 108 undefined on input line 286.

[108])

LaTeX Warning: Reference `LastPage' on page 109 undefined on input line 52.

[109]

LaTeX Warning: Reference `LastPage' on page 110 undefined on input line 52.

[110] (./chapter_10.tex
Chapter 10.
[111]

LaTeX Warning: Reference `LastPage' on page 112 undefined on input line 131.

[112]

LaTeX Warning: Reference `LastPage' on page 113 undefined on input line 173.

[113])

LaTeX Warning: Reference `LastPage' on page 114 undefined on input line 54.

[114] (./chapter_11.tex
Chapter 11.
<images/web_feynman/image_36.png, id=1363, 573.14125pt x 578.16pt>
<use images/web_feynman/image_36.png>
<images/web_feynman/image_37.png, id=1364, 683.55376pt x 342.27875pt>
<use images/web_feynman/image_37.png>
<images/web_feynman/image_38.png, id=1365, 642.4pt x 484.81125pt>
<use images/web_feynman/image_38.png>
<images/web_feynman/image_39.png, id=1366, 622.325pt x 484.81125pt>
<use images/web_feynman/image_39.png>
<images/web_feynman/image_40.png, id=1367, 614.295pt x 327.2225pt>
<use images/web_feynman/image_40.png> [115 <./images/web_feynman/image_36.png>]


LaTeX Warning: Reference `LastPage' on page 116 undefined on input line 65.

[116 <./images/web_feynman/image_37.png> <./images/web_feynman/image_38.png>]

LaTeX Warning: Reference `LastPage' on page 117 undefined on input line 80.

[117 <./images/web_feynman/image_39.png> <./images/web_feynman/image_40.png>]
<images/web_feynman/image_41.png, id=1392, 586.19pt x 358.33875pt>
<use images/web_feynman/image_41.png>
Overfull \hbox (37.43048pt too wide) in alignment at lines 119--134
 [][][] []

LaTeX Warning: Reference `LastPage' on page 118 undefined on input line 134.

[118]

LaTeX Warning: Reference `LastPage' on page 119 undefined on input line 145.

[119 <./images/web_feynman/image_41.png>])

LaTeX Warning: Reference `LastPage' on page 120 undefined on input line 56.

[120] (./chapter_12.tex
Chapter 12.
<images/web_feynman/image_42.png, id=1407, 397.485pt x 363.3575pt>
<use images/web_feynman/image_42.png> [121]
<images/web_feynman/image_43.png, id=1413, 492.84125pt x 445.665pt>
<use images/web_feynman/image_43.png>

LaTeX Warning: Reference `LastPage' on page 122 undefined on input line 61.

[122 <./images/web_feynman/image_42.png> <./images/web_feynman/image_43.png>]

LaTeX Warning: Reference `LastPage' on page 123 undefined on input line 109.

[123] <images/web_feynman/image_44.png, id=1426, 693.59125pt x 445.665pt>
<use images/web_feynman/image_44.png>
<images/web_feynman/image_45.png, id=1427, 511.9125pt x 445.665pt>
<use images/web_feynman/image_45.png>
<images/web_feynman/image_46.png, id=1428, 493.845pt x 347.2975pt>
<use images/web_feynman/image_46.png>

LaTeX Warning: Reference `LastPage' on page 124 undefined on input line 142.

[124 <./images/web_feynman/image_44.png> <./images/web_feynman/image_45.png>]

LaTeX Warning: Reference `LastPage' on page 125 undefined on input line 178.

[125 <./images/web_feynman/image_46.png>]
Overfull \hbox (55.33524pt too wide) in alignment at lines 188--190
 [][][] []

LaTeX Warning: Reference `LastPage' on page 126 undefined on input line 230.

[126]

LaTeX Warning: Reference `LastPage' on page 127 undefined on input line 297.

[127]

LaTeX Warning: Reference `LastPage' on page 128 undefined on input line 374.

[128] <images/web_feynman/image_47.png, id=1458, 542.025pt x 531.9875pt>
<use images/web_feynman/image_47.png>
<images/web_feynman/image_48.png, id=1459, 693.59125pt x 504.88625pt>
<use images/web_feynman/image_48.png>

LaTeX Warning: Reference `LastPage' on page 129 undefined on input line 493.

[129]
Underfull \vbox (badness 2261) has occurred while \output is active

LaTeX Warning: Reference `LastPage' on page 130 undefined on input line 517.

[130 <./images/web_feynman/image_47.png> <./images/web_feynman/image_48.png>]

LaTeX Warning: Reference `LastPage' on page 131 undefined on input line 615.

[131] <images/web_feynman/image_49.png, id=1484, 657.45625pt x 379.4175pt>
<use images/web_feynman/image_49.png>
<images/web_feynman/image_50.png, id=1485, 653.44125pt x 315.1775pt>
<use images/web_feynman/image_50.png>

LaTeX Warning: Reference `LastPage' on page 132 undefined on input line 652.

[132 <./images/web_feynman/image_49.png>]

LaTeX Warning: Reference `LastPage' on page 133 undefined on input line 652.

[133 <./images/web_feynman/image_50.png>]
<images/web_feynman/image_51.png, id=1499, 451.6875pt x 493.845pt>
<use images/web_feynman/image_51.png>

LaTeX Warning: Reference `fig:ch12_WENu' on page 134 undefined on input line 67
0.


LaTeX Warning: Reference `fig:ch12_WQQ' on page 134 undefined on input line 670
.

<images/web_feynman/image_52.png, id=1500, 357.335pt x 372.39125pt>
<use images/web_feynman/image_52.png>
<images/web_feynman/image_53.png, id=1501, 357.335pt x 371.3875pt>
<use images/web_feynman/image_53.png>

LaTeX Warning: Reference `LastPage' on page 134 undefined on input line 698.

[134 <./images/web_feynman/image_51.png> <./images/web_feynman/image_52.png>]

LaTeX Warning: Reference `fig:ch12_PiKToENuMuNu' on page 135 undefined on input
 line 719.

<images/web_feynman/image_54.png, id=1510, 683.55376pt x 350.30875pt>
<use images/web_feynman/image_54.png>

LaTeX Warning: Reference `LastPage' on page 135 undefined on input line 741.

[135 <./images/web_feynman/image_53.png>]

LaTeX Warning: Reference `LastPage' on page 136 undefined on input line 773.

[136 <./images/web_feynman/image_54.png>]

LaTeX Warning: Reference `LastPage' on page 137 undefined on input line 805.

[137] <images/web_feynman/image_55.png, id=1528, 542.025pt x 364.36125pt>
<use images/web_feynman/image_55.png>

LaTeX Warning: Reference `LastPage' on page 138 undefined on input line 846.

[138 <./images/web_feynman/image_55.png>])

LaTeX Warning: Reference `LastPage' on page 139 undefined on input line 58.

[139]

LaTeX Warning: Reference `LastPage' on page 140 undefined on input line 58.

[140] (./chapter_13.tex
Chapter 13.

LaTeX Warning: Reference `fig:ch13_WENu' on page 141 undefined on input line 21
.

<images/web_feynman/image_56.png, id=1544, 472.76625pt x 325.215pt>
<use images/web_feynman/image_56.png> [141]

LaTeX Warning: Reference `LastPage' on page 142 undefined on input line 122.

[142 <./images/web_feynman/image_56.png>]

LaTeX Warning: Reference `LastPage' on page 143 undefined on input line 202.

[143]

LaTeX Warning: Reference `LastPage' on page 144 undefined on input line 251.

[144] <images/web_feynman/image_57.png, id=1563, 456.70625pt x 330.23375pt>
<use images/web_feynman/image_57.png>
<images/web_feynman/image_58.png, id=1564, 661.47125pt x 330.23375pt>
<use images/web_feynman/image_58.png>

LaTeX Warning: Reference `LastPage' on page 145 undefined on input line 301.

[145 <./images/web_feynman/image_57.png>]
<images/web_feynman/image_59.png, id=1572, 617.30624pt x 355.3275pt>
<use images/web_feynman/image_59.png>)

LaTeX Warning: Reference `LastPage' on page 146 undefined on input line 60.

[146 <./images/web_feynman/image_58.png>]

LaTeX Warning: Reference `LastPage' on page 147 undefined on input line 60.

[147 <./images/web_feynman/image_59.png>]

LaTeX Warning: Reference `LastPage' on page 148 undefined on input line 60.

[148] (./chapter_14.tex
Chapter 14.
<images/web_feynman/image_60.png, id=1589, 645.41125pt x 444.66125pt>
<use images/web_feynman/image_60.png> [149]
<images/web_feynman/image_61.png, id=1594, 451.6875pt x 242.9075pt>
<use images/web_feynman/image_61.png>

LaTeX Warning: Reference `LastPage' on page 150 undefined on input line 52.

[150 <./images/web_feynman/image_60.png> <./images/web_feynman/image_61.png>]
<images/web_feynman/image_62.png, id=1603, 459.7175pt x 173.64874pt>
<use images/web_feynman/image_62.png>
<images/web_feynman/image_63.png, id=1604, 451.6875pt x 277.035pt>
<use images/web_feynman/image_63.png>

LaTeX Warning: Reference `LastPage' on page 151 undefined on input line 100.

[151 <./images/web_feynman/image_62.png>]
Overfull \hbox (6.21677pt too wide) in paragraph at lines 115--116
[]\OT1/cmr/m/n/10 In the nu-cleon the frac-tion of quarks hav-ing $\OML/cmm/m/i
t/10 x$ \OT1/cmr/m/n/10 be-tween $\OML/cmm/m/it/10 x[]$ \OT1/cmr/m/n/10 and $\O
ML/cmm/m/it/10 x[] \OT1/cmr/m/n/10 + \OML/cmm/m/it/10 ^^Nx[]$ \OT1/cmr/m/n/10 i
s $\OML/cmm/m/it/10 Q[]\OT1/cmr/m/n/10 (\OML/cmm/m/it/10 x[]; Q[]\OT1/cmr/m/n/1
0 )d\OML/cmm/m/it/10 x[]$

LaTeX Warning: Reference `LastPage' on page 152 undefined on input line 122.

[152 <./images/web_feynman/image_63.png>]
<images/web_feynman/image_64.png, id=1618, 582.175pt x 451.6875pt>
<use images/web_feynman/image_64.png>
<images/web_feynman/image_65.png, id=1619, 573.14125pt x 316.18124pt>
<use images/web_feynman/image_65.png>
<images/web_feynman/image_66.png, id=1620, 562.1pt x 451.6875pt>
<use images/web_feynman/image_66.png>

LaTeX Warning: Reference `LastPage' on page 153 undefined on input line 190.

[153] <images/web_feynman/image_67.png, id=1625, 512.91624pt x 422.57875pt>
<use images/web_feynman/image_67.png>
Underfull \vbox (badness 10000) has occurred while \output is active

LaTeX Warning: Reference `LastPage' on page 154 undefined on input line 202.

[154 <./images/web_feynman/image_64.png> <./images/web_feynman/image_65.png>]
<images/web_feynman/image_68.png, id=1634, 497.86pt x 344.28625pt>
<use images/web_feynman/image_68.png>

LaTeX Warning: Reference `LastPage' on page 155 undefined on input line 210.

[155 <./images/web_feynman/image_66.png> <./images/web_feynman/image_67.png>]
<images/web_feynman/image_69.png, id=1643, 568.1225pt x 174.6525pt>
<use images/web_feynman/image_69.png>
<images/web_feynman/image_70.png, id=1644, 430.60875pt x 471.7625pt>
<use images/web_feynman/image_70.png>

LaTeX Warning: Reference `LastPage' on page 156 undefined on input line 239.

[156 <./images/web_feynman/image_68.png> <./images/web_feynman/image_69.png> <.
/images/web_feynman/image_70.png>]
<images/web_feynman/image_71.png, id=1655, 647.41875pt x 318.18875pt>
<use images/web_feynman/image_71.png>

LaTeX Warning: Reference `LastPage' on page 157 undefined on input line 274.

[157 <./images/web_feynman/image_71.png>]
<images/web_feynman/image_72.png, id=1663, 542.025pt x 326.21875pt>
<use images/web_feynman/image_72.png>

LaTeX Warning: Reference `LastPage' on page 158 undefined on input line 323.

[158 <./images/web_feynman/image_72.png>]
<images/web_feynman/image_73a.png, id=1670, 543.02875pt x 198.7425pt>
<use images/web_feynman/image_73a.png>
<images/web_feynman/image_73b.png, id=1671, 543.02875pt x 197.73875pt>
<use images/web_feynman/image_73b.png>
Overfull \hbox (24.00002pt too wide) in paragraph at lines 343--347
 [] 

LaTeX Warning: Reference `LastPage' on page 159 undefined on input line 357.

[159] <images/web_feynman/image_74.png, id=1676, 497.86pt x 345.29pt>
<use images/web_feynman/image_74.png>
<images/web_feynman/image_75.png, id=1677, 447.6725pt x 372.39125pt>
<use images/web_feynman/image_75.png>
Overfull \hbox (24.00002pt too wide) in paragraph at lines 367--371
 [] 
<images/web_feynman/image_76.png, id=1678, 582.175pt x 396.48125pt>
<use images/web_feynman/image_76.png>

LaTeX Warning: Reference `LastPage' on page 160 undefined on input line 391.

[160 <./images/web_feynman/image_73a.png> <./images/web_feynman/image_73b.png> 
<./images/web_feynman/image_74.png> <./images/web_feynman/image_75.png>])

LaTeX Warning: Reference `LastPage' on page 161 undefined on input line 62.

[161 <./images/web_feynman/image_76.png>]

LaTeX Warning: Reference `LastPage' on page 162 undefined on input line 62.

[162] (./chapter_15.tex
Chapter 15.
[163]

LaTeX Warning: Reference `LastPage' on page 164 undefined on input line 86.

[164]

LaTeX Warning: Reference `LastPage' on page 165 undefined on input line 141.

[165] <images/web_feynman/image_77.png, id=1713, 697.60625pt x 316.18124pt>
<use images/web_feynman/image_77.png>
Overfull \hbox (37.2725pt too wide) in alignment at lines 166--172
 [][][] []

LaTeX Warning: Reference `LastPage' on page 166 undefined on input line 184.

[166] <images/web_feynman/image_78.png, id=1718, 459.7175pt x 320.19624pt>
<use images/web_feynman/image_78.png>
Overfull \hbox (97.89217pt too wide) in alignment at lines 198--212
 [][][] []

LaTeX Warning: Reference `LastPage' on page 167 undefined on input line 212.

[167 <./images/web_feynman/image_77.png> <./images/web_feynman/image_78.png>]

LaTeX Warning: Reference `LastPage' on page 168 undefined on input line 265.

[168] <images/web_feynman/image_79.png, id=1731, 626.34pt x 436.63126pt>
<use images/web_feynman/image_79.png>
<images/web_feynman/image_80.png, id=1732, 573.14125pt x 515.9275pt>
<use images/web_feynman/image_80.png>

LaTeX Warning: Reference `LastPage' on page 169 undefined on input line 307.

[169 <./images/web_feynman/image_79.png>]
<images/web_feynman/image_81.png, id=1740, 642.4pt x 361.35pt>
<use images/web_feynman/image_81.png>

LaTeX Warning: Reference `LastPage' on page 170 undefined on input line 322.

[170 <./images/web_feynman/image_80.png> <./images/web_feynman/image_81.png>]
<images/web_feynman/image_82.png, id=1749, 530.98375pt x 417.56pt>
<use images/web_feynman/image_82.png>)

LaTeX Warning: Reference `LastPage' on page 171 undefined on input line 64.

[171 <./images/web_feynman/image_82.png>]

LaTeX Warning: Reference `LastPage' on page 172 undefined on input line 64.

[172] (./chapter_16.tex
Chapter 16.
[173] <images/web_feynman/image_83.png, id=1767, 532.99126pt x 432.61626pt>
<use images/web_feynman/image_83.png>
Overfull \hbox (47.04198pt too wide) in alignment at lines 55--61
 [][][] []

LaTeX Warning: Reference `LastPage' on page 174 undefined on input line 61.

[174 <./images/web_feynman/image_83.png>]

LaTeX Warning: Reference `LastPage' on page 175 undefined on input line 108.

[175]

LaTeX Warning: Reference `LastPage' on page 176 undefined on input line 159.

[176]
Overfull \hbox (60.69524pt too wide) in alignment at lines 245--312
 [][][] []

LaTeX Warning: Reference `LastPage' on page 177 undefined on input line 322.

[177] <images/web_feynman/image_84.png, id=1787, 603.25375pt x 685.56125pt>
<use images/web_feynman/image_84.png>

LaTeX Warning: Reference `LastPage' on page 178 undefined on input line 384.

[178]
Overfull \hbox (35.37643pt too wide) in alignment at lines 384--402
 [][][] []
<images/web_feynman/image_85.png, id=1792, 386.44376pt x 579.16376pt>
<use images/web_feynman/image_85.png>

LaTeX Warning: Reference `LastPage' on page 179 undefined on input line 423.

[179 <./images/web_feynman/image_84.png>]

LaTeX Warning: Reference `LastPage' on page 180 undefined on input line 457.

[180 <./images/web_feynman/image_85.png>]

LaTeX Warning: Reference `LastPage' on page 181 undefined on input line 540.

[181]

LaTeX Warning: Reference `LastPage' on page 182 undefined on input line 575.

[182]

LaTeX Warning: Reference `LastPage' on page 183 undefined on input line 653.

[183] <images/web_feynman/image_86.png, id=1818, 620.3175pt x 566.115pt>
<use images/web_feynman/image_86.png>)

LaTeX Warning: Reference `LastPage' on page 184 undefined on input line 66.

[184]

LaTeX Warning: Reference `LastPage' on page 185 undefined on input line 66.

[185 <./images/web_feynman/image_86.png>]

LaTeX Warning: Reference `LastPage' on page 186 undefined on input line 66.

[186] (./bibliography.tex
Overfull \hbox (6.0pt too wide) in paragraph at lines 1--1
[][] 

Underfull \hbox (badness 4303) in paragraph at lines 2--3
[]\OT1/cmr/m/it/10 ``Extended ro-ta-tion curves of spi-ral galax-ies: dark halo
es and mod-

Underfull \hbox (badness 10000) in paragraph at lines 2--3
\OT1/cmr/m/it/10 i-fied dy-nam-ics''\OT1/cmr/m/n/10 , MN-RAS, vol. 249, April 1
, 1991, p. 523-537.

Underfull \hbox (badness 1389) in paragraph at lines 4--5
\OT1/cmr/m/it/10 with-out dark en-ergy'' \OT1/cmr/m/n/10 (http://phys.org/news/
 2011-10-supernovae-universe-

Underfull \hbox (badness 1910) in paragraph at lines 10--11
[]\OT1/cmr/m/it/10 ``Low en-ergy pion-nucleon scat-ter-ing''\OT1/cmr/m/n/10 , B
 Levi et al. SLAC-131 UC-34

Underfull \hbox (badness 2050) in paragraph at lines 20--21
[]\OT1/cmr/m/it/10 ``Precision Elec-troweak Mea-sure-ments on the $\OML/cmm/m/i
t/10 Z$ \OT1/cmr/m/it/10 Res-o-nance''\OT1/cmr/m/n/10 , arXiv:hep-

Underfull \hbox (badness 10000) in paragraph at lines 22--23
[]\OT1/cmr/m/it/10 ``Discovery of the bot-tom quark, Up-silon''

Underfull \hbox (badness 5245) in paragraph at lines 24--25
[]\OT1/cmr/m/it/10 ``Measurement of the in-clu-sive jet cross sec-tion in $\OML
/cmm/m/it/10 pp$ \OT1/cmr/m/it/10 col-li-sions at

Underfull \hbox (badness 2035) in paragraph at lines 24--25
[] \OT1/cmr/m/n/10 = 2\OML/cmm/m/it/10 :\OT1/cmr/m/n/10 76[]$ \OT1/cmr/m/it/10 
and com-par-i-son to the in-clu-sive jet cross sec-tion at

Underfull \hbox (badness 2875) in paragraph at lines 24--25
[] \OT1/cmr/m/n/10 = 7[]$ \OT1/cmr/m/it/10 us-ing the AT-LAS de-tec-tor'' \OT1/
cmr/m/n/10 , arXiv:1304.4739 [hep-ex]
[187])

Package lastpage Warning: Rerun to get the references right on input line 70.


AED: lastpage setting LastPage

LaTeX Warning: Reference `LastPage' on page 188 undefined on input line 70.

[188] (./StandardModel.aux)

LaTeX Warning: There were undefined references.


LaTeX Warning: Label(s) may have changed. Rerun to get cross-references right.

 )
(see the transcript file for additional information)</usr/local/texlive/2013/te
xmf-dist/fonts/type1/public/amsfonts/cm/cmbx10.pfb></usr/local/texlive/2013/tex
mf-dist/fonts/type1/public/amsfonts/cm/cmbx12.pfb></usr/local/texlive/2013/texm
f-dist/fonts/type1/public/amsfonts/cm/cmex10.pfb></usr/local/texlive/2013/texmf
-dist/fonts/type1/public/amsfonts/cm/cmmi10.pfb></usr/local/texlive/2013/texmf-
dist/fonts/type1/public/amsfonts/cm/cmmi12.pfb></usr/local/texlive/2013/texmf-d
ist/fonts/type1/public/amsfonts/cm/cmmi5.pfb></usr/local/texlive/2013/texmf-dis
t/fonts/type1/public/amsfonts/cm/cmmi7.pfb></usr/local/texlive/2013/texmf-dist/
fonts/type1/public/amsfonts/cm/cmmi8.pfb></usr/local/texlive/2013/texmf-dist/fo
nts/type1/public/amsfonts/cm/cmr10.pfb></usr/local/texlive/2013/texmf-dist/font
s/type1/public/amsfonts/cm/cmr12.pfb></usr/local/texlive/2013/texmf-dist/fonts/
type1/public/amsfonts/cm/cmr17.pfb></usr/local/texlive/2013/texmf-dist/fonts/ty
pe1/public/amsfonts/cm/cmr5.pfb></usr/local/texlive/2013/texmf-dist/fonts/type1
/public/amsfonts/cm/cmr7.pfb></usr/local/texlive/2013/texmf-dist/fonts/type1/pu
blic/amsfonts/cm/cmr8.pfb></usr/local/texlive/2013/texmf-dist/fonts/type1/publi
c/amsfonts/cm/cmsy10.pfb></usr/local/texlive/2013/texmf-dist/fonts/type1/public
/amsfonts/cm/cmsy5.pfb></usr/local/texlive/2013/texmf-dist/fonts/type1/public/a
msfonts/cm/cmsy7.pfb></usr/local/texlive/2013/texmf-dist/fonts/type1/public/ams
fonts/cm/cmsy8.pfb></usr/local/texlive/2013/texmf-dist/fonts/type1/public/amsfo
nts/cm/cmti10.pfb></usr/local/texlive/2013/texmf-dist/fonts/type1/public/amsfon
ts/latxfont/lasy10.pfb>
Output written on StandardModel.pdf (188 pages, 4129114 bytes).
Transcript written on StandardModel.log.
