\BOOKMARK [0][-]{chapter.1}{Matter and forces}{}% 1
\BOOKMARK [1][-]{section.1.1}{Leptons}{chapter.1}% 2
\BOOKMARK [1][-]{section.1.2}{Quarks}{chapter.1}% 3
\BOOKMARK [1][-]{section.1.3}{Gravity}{chapter.1}% 4
\BOOKMARK [2][-]{subsection.1.3.1}{The Planck mass}{section.1.3}% 5
\BOOKMARK [2][-]{subsection.1.3.2}{Dark matter}{section.1.3}% 6
\BOOKMARK [2][-]{subsection.1.3.3}{Candidates for dark matter}{section.1.3}% 7
\BOOKMARK [2][-]{subsection.1.3.4}{Anisotropies in the cosmic microwave background and the history of the universe}{section.1.3}% 8
\BOOKMARK [1][-]{section.1.4}{The weak force}{chapter.1}% 9
\BOOKMARK [1][-]{section.1.5}{The electromagnetic interaction \(QED\)}{chapter.1}% 10
\BOOKMARK [2][-]{subsection.1.5.1}{The physical meaning of Alpha}{section.1.5}% 11
\BOOKMARK [1][-]{section.1.6}{The strong force \(QCD\)}{chapter.1}% 12
\BOOKMARK [1][-]{section.1.7}{Local gauge invariance}{chapter.1}% 13
\BOOKMARK [1][-]{section.1.8}{Grand unification \(GUTs\)}{chapter.1}% 14
\BOOKMARK [0][-]{chapter.2}{Experimental concepts}{}% 15
\BOOKMARK [1][-]{section.2.1}{Experimental possibilities}{chapter.2}% 16
\BOOKMARK [1][-]{section.2.2}{Cross sections}{chapter.2}% 17
\BOOKMARK [2][-]{subsection.2.2.1}{Scattering pions and nucleons}{section.2.2}% 18
\BOOKMARK [1][-]{section.2.3}{Natural units and conversion factors}{chapter.2}% 19
\BOOKMARK [0][-]{chapter.3}{Experiments of the past fifty years}{}% 20
\BOOKMARK [1][-]{section.3.1}{Mesons and baryons}{chapter.3}% 21
\BOOKMARK [1][-]{section.3.2}{Neutrino experiments}{chapter.3}% 22
\BOOKMARK [2][-]{subsection.3.2.1}{The Gargamelle experiment}{section.3.2}% 23
\BOOKMARK [2][-]{subsection.3.2.2}{Underground experiments}{section.3.2}% 24
\BOOKMARK [2][-]{subsection.3.2.3}{Solar neutrinos}{section.3.2}% 25
\BOOKMARK [1][-]{section.3.3}{Colliding beam experiments \(Some fixed target\)}{chapter.3}% 26
\BOOKMARK [2][-]{subsection.3.3.1}{Lepton-nucleon colliders}{section.3.3}% 27
\BOOKMARK [2][-]{subsection.3.3.2}{EE colliders}{section.3.3}% 28
\BOOKMARK [2][-]{subsection.3.3.3}{Hadron-hadron colliders}{section.3.3}% 29
\BOOKMARK [0][-]{chapter.4}{Review of non relativistic quantum mechanics}{}% 30
\BOOKMARK [1][-]{section.4.1}{Schroedinger picture and probability current}{chapter.4}% 31
\BOOKMARK [1][-]{section.4.2}{The Heisenberg picture}{chapter.4}% 32
\BOOKMARK [1][-]{section.4.3}{The harmonic oscillator}{chapter.4}% 33
\BOOKMARK [1][-]{section.4.4}{The anharmonic oscillator}{chapter.4}% 34
\BOOKMARK [2][-]{subsection.4.4.1}{Rayleigh-Schroedinger perturbation theory}{section.4.4}% 35
\BOOKMARK [1][-]{section.4.5}{The Lagrangian}{chapter.4}% 36
\BOOKMARK [2][-]{subsection.4.5.1}{The Dirac Delta function}{section.4.5}% 37
\BOOKMARK [2][-]{subsection.4.5.2}{The Heaviside step function}{section.4.5}% 38
\BOOKMARK [0][-]{chapter.5}{Relativity}{}% 39
\BOOKMARK [1][-]{section.5.1}{Lorentz transformations}{chapter.5}% 40
\BOOKMARK [1][-]{section.5.2}{The light cone}{chapter.5}% 41
\BOOKMARK [1][-]{section.5.3}{Relativistic kinematics}{chapter.5}% 42
\BOOKMARK [2][-]{subsection.5.3.1}{Centre of mass frame}{section.5.3}% 43
\BOOKMARK [2][-]{subsection.5.3.2}{Mandelstan variables}{section.5.3}% 44
\BOOKMARK [1][-]{section.5.4}{Relativistic spin-0 particles}{chapter.5}% 45
\BOOKMARK [2][-]{subsection.5.4.1}{The Klein-Gordon equation}{section.5.4}% 46
\BOOKMARK [2][-]{subsection.5.4.2}{The perceived distaster of the Klein-Gordon equation}{section.5.4}% 47
\BOOKMARK [2][-]{subsection.5.4.3}{The Feynmann-Stueckelberg interpretation of ELO0 solutions}{section.5.4}% 48
\BOOKMARK [0][-]{chapter.6}{Calculating amplitudes}{}% 49
\BOOKMARK [1][-]{section.6.1}{Possible approaches}{chapter.6}% 50
\BOOKMARK [1][-]{section.6.2}{Propagator approach}{chapter.6}% 51
\BOOKMARK [0][-]{chapter.7}{Spinless EMu scattering}{}% 52
\BOOKMARK [1][-]{section.7.1}{Electrodynamics of spinless particles}{chapter.7}% 53
\BOOKMARK [1][-]{section.7.2}{Definition of the cross section}{chapter.7}% 54
\BOOKMARK [2][-]{subsection.7.2.1}{Note on decay}{section.7.2}% 55
\BOOKMARK [0][-]{chapter.8}{Relativistic spin-1Over2 particles \(Dirac equation\)}{}% 56
\BOOKMARK [1][-]{section.8.1}{Non-relativistic description}{chapter.8}% 57
\BOOKMARK [1][-]{section.8.2}{The Dirac equation}{chapter.8}% 58
\BOOKMARK [2][-]{subsection.8.2.1}{The covariant form of the Dirac equation}{section.8.2}% 59
\BOOKMARK [2][-]{subsection.8.2.2}{Adjoint Dirac equation and conserved current}{section.8.2}% 60
\BOOKMARK [2][-]{subsection.8.2.3}{Free particle solutions of the Dirac equation}{section.8.2}% 61
\BOOKMARK [2][-]{subsection.8.2.4}{Orthogonality and normalisation of spinors}{section.8.2}% 62
\BOOKMARK [2][-]{subsection.8.2.5}{Spin}{section.8.2}% 63
\BOOKMARK [2][-]{subsection.8.2.6}{The G5 matrix}{section.8.2}% 64
\BOOKMARK [2][-]{subsection.8.2.7}{Completeness relation}{section.8.2}% 65
\BOOKMARK [2][-]{subsection.8.2.8}{Possible forms of interaction}{section.8.2}% 66
\BOOKMARK [1][-]{section.8.3}{Trace theorems}{chapter.8}% 67
\BOOKMARK [2][-]{subsection.8.3.1}{TrI}{section.8.3}% 68
\BOOKMARK [2][-]{subsection.8.3.2}{TrNotANotB}{section.8.3}% 69
\BOOKMARK [2][-]{subsection.8.3.3}{TrNotANotBNotCNotD}{section.8.3}% 70
\BOOKMARK [2][-]{subsection.8.3.4}{GMuGNuGMu}{section.8.3}% 71
\BOOKMARK [2][-]{subsection.8.3.5}{GMuGDeltaGSigmaGMu}{section.8.3}% 72
\BOOKMARK [2][-]{subsection.8.3.6}{GMuNotANotBNotCGMu}{section.8.3}% 73
\BOOKMARK [2][-]{subsection.8.3.7}{TrG5GMu}{section.8.3}% 74
\BOOKMARK [2][-]{subsection.8.3.8}{TrG5GMuGNu}{section.8.3}% 75
\BOOKMARK [2][-]{subsection.8.3.9}{TrG5GNuGMuGDelta}{section.8.3}% 76
\BOOKMARK [2][-]{subsection.8.3.10}{TrG5GMuGNuGDeltaGSigma}{section.8.3}% 77
\BOOKMARK [1][-]{section.8.4}{Electron-muon scattering}{chapter.8}% 78
\BOOKMARK [2][-]{subsection.8.4.1}{An electron in an electromagnetic field}{section.8.4}% 79
\BOOKMARK [1][-]{section.8.5}{Cross section for EEToMuMu}{chapter.8}% 80
\BOOKMARK [2][-]{subsection.8.5.1}{Total cross-section}{section.8.5}% 81
\BOOKMARK [1][-]{section.8.6}{The ratio RAtEE colliders}{chapter.8}% 82
\BOOKMARK [1][-]{section.8.7}{Helicity conservation at high energies}{chapter.8}% 83
\BOOKMARK [0][-]{chapter.9}{Massless spin1 particles \(photons\)}{}% 84
\BOOKMARK [1][-]{section.9.1}{Maxwell's equations and the definition of classical potentials}{chapter.9}% 85
\BOOKMARK [2][-]{subsection.9.1.1}{Virtual photons and the photon propagator}{section.9.1}% 86
\BOOKMARK [2][-]{subsection.9.1.2}{Real and virtual photons and the significance of longitudinal and time-like polarisations}{section.9.1}% 87
\BOOKMARK [0][-]{chapter.10}{Massive spin1 particles}{}% 88
\BOOKMARK [1][-]{section.10.1}{Massive virtual vector boson propagator}{chapter.10}% 89
\BOOKMARK [0][-]{chapter.11}{Compton scattering}{}% 90
\BOOKMARK [0][-]{chapter.12}{Charged current weak interactions}{}% 91
\BOOKMARK [1][-]{section.12.1}{Leptonic charge current process}{chapter.12}% 92
\BOOKMARK [1][-]{section.12.2}{ONUONSUN groups}{chapter.12}% 93
\BOOKMARK [2][-]{subsection.12.2.1}{Orthogonal transformations}{section.12.2}% 94
\BOOKMARK [2][-]{subsection.12.2.2}{The SUN group of transformations}{section.12.2}% 95
\BOOKMARK [1][-]{section.12.3}{Charged current interactions}{chapter.12}% 96
\BOOKMARK [1][-]{section.12.4}{Neutrino quark scattering}{chapter.12}% 97
\BOOKMARK [1][-]{section.12.5}{PiK decays}{chapter.12}% 98
\BOOKMARK [1][-]{section.12.6}{Width of the Wpm}{chapter.12}% 99
\BOOKMARK [0][-]{chapter.13}{Neutral current interactions}{}% 100
\BOOKMARK [1][-]{section.13.1}{Weinberg-Salam model}{chapter.13}% 101
\BOOKMARK [1][-]{section.13.2}{Width of the Z0}{chapter.13}% 102
\BOOKMARK [0][-]{chapter.14}{Quantum chromodynamics \(QCD\)}{}% 103
\BOOKMARK [1][-]{section.14.1}{Deep inelastic scattering}{chapter.14}% 104
\BOOKMARK [1][-]{section.14.2}{The quark-parton model}{chapter.14}% 105
\BOOKMARK [2][-]{subsection.14.2.1}{Drell-Yan process}{section.14.2}% 106
\BOOKMARK [2][-]{subsection.14.2.2}{The evolution of the structure function \(DGLAP equations\)}{section.14.2}% 107
\BOOKMARK [2][-]{subsection.14.2.3}{Boson-gluon fusion \(BGF\)}{section.14.2}% 108
\BOOKMARK [0][-]{chapter.15}{Local gauge invariance and the form of interaction}{}% 109
\BOOKMARK [1][-]{section.15.1}{Local gauge invariance of the electromagnetic field}{chapter.15}% 110
\BOOKMARK [1][-]{section.15.2}{Local gauge invariance and the electroweak interaction}{chapter.15}% 111
\BOOKMARK [2][-]{subsection.15.2.1}{Trilinear coupling}{section.15.2}% 112
\BOOKMARK [2][-]{subsection.15.2.2}{Quadrilinear couplings}{section.15.2}% 113
\BOOKMARK [1][-]{section.15.3}{Local gauge invariance and QCD}{chapter.15}% 114
\BOOKMARK [1][-]{section.15.4}{Evolution of the coupling constants}{chapter.15}% 115
\BOOKMARK [2][-]{subsection.15.4.1}{QED}{section.15.4}% 116
\BOOKMARK [2][-]{subsection.15.4.2}{QCD}{section.15.4}% 117
\BOOKMARK [0][-]{chapter.16}{Spontaneous symmetry breaking}{}% 118
\BOOKMARK [1][-]{section.16.1}{The Higgs model}{chapter.16}% 119
\BOOKMARK [2][-]{subsection.16.1.1}{Weinberg formulation of the Higgs mechanism for SU2TimesU1}{section.16.1}% 120
\BOOKMARK [2][-]{subsection.16.1.2}{The coupling of the Higgs to the Wpm and Z0}{section.16.1}% 121
\BOOKMARK [2][-]{subsection.16.1.3}{Fermion masses}{section.16.1}% 122
\BOOKMARK [1][-]{section.16.2}{A cosmological problem}{chapter.16}% 123
\BOOKMARK [1][-]{section.16.3}{Lagrangian of the Standard Model \(Weinberg-Salam\)}{chapter.16}% 124
\BOOKMARK [1][-]{section.16.4}{Grand unification}{chapter.16}% 125
