This is pdfTeX, Version 3.1415926-2.5-1.40.14 (TeX Live 2013) (format=pdflatex 2014.1.11)  27 FEB 2014 22:07
entering extended mode
 restricted \write18 enabled.
 %&-line parsing enabled.
**StandardModel
(./StandardModel.tex
LaTeX2e <2011/06/27>
Babel <3.9f> and hyphenation patterns for 78 languages loaded.
(/usr/local/texlive/2013/texmf-dist/tex/latex/base/book.cls
Document Class: book 2007/10/19 v1.4h Standard LaTeX document class
(/usr/local/texlive/2013/texmf-dist/tex/latex/base/bk10.clo
File: bk10.clo 2007/10/19 v1.4h Standard LaTeX file (size option)
)
\c@part=\count79
\c@chapter=\count80
\c@section=\count81
\c@subsection=\count82
\c@subsubsection=\count83
\c@paragraph=\count84
\c@subparagraph=\count85
\c@figure=\count86
\c@table=\count87
\abovecaptionskip=\skip41
\belowcaptionskip=\skip42
\bibindent=\dimen102
)
(/usr/local/texlive/2013/texmf-dist/tex/latex/base/latexsym.sty
Package: latexsym 1998/08/17 v2.2e Standard LaTeX package (lasy symbols)
\symlasy=\mathgroup4
LaTeX Font Info:    Overwriting symbol font `lasy' in version `bold'
(Font)                  U/lasy/m/n --> U/lasy/b/n on input line 47.
)
(/usr/local/texlive/2013/texmf-dist/tex/generic/xypic/xy.sty
(/usr/local/texlive/2013/texmf-dist/tex/generic/xypic/xy.tex Bootstrap'ing:
catcodes, docmode,
(/usr/local/texlive/2013/texmf-dist/tex/generic/xypic/xyrecat.tex)
(/usr/local/texlive/2013/texmf-dist/tex/generic/xypic/xyidioms.tex)

 Xy-pic version 3.8.8 <2012/05/24>
 Copyright (c) 1991-2011 by Kristoffer H. Rose <krisrose@tug.org>
 Xy-pic is free software: see the User's Guide for details.

Loading kernel: messages; fonts; allocations: state,
\X@c=\dimen103
\Y@c=\dimen104
\U@c=\dimen105
\D@c=\dimen106
\L@c=\dimen107
\R@c=\dimen108
\Edge@c=\toks14
\X@p=\dimen109
\Y@p=\dimen110
\U@p=\dimen111
\D@p=\dimen112
\L@p=\dimen113
\R@p=\dimen114
\Edge@p=\toks15
\X@origin=\dimen115
\Y@origin=\dimen116
\X@xbase=\dimen117
\Y@xbase=\dimen118
\X@ybase=\dimen119
\Y@ybase=\dimen120
\X@min=\dimen121
\Y@min=\dimen122
\X@max=\dimen123
\Y@max=\dimen124
\lastobjectbox@=\box26
\zerodotbox@=\box27
\almostz@=\dimen125
 direction,
\d@X=\dimen126
\d@Y=\dimen127
\K@=\count88
\KK@=\count89
\Direction=\count90
\K@dXdY=\dimen128
\K@dYdX=\dimen129
\xyread@=\read1
\xywrite@=\write3
\csp@=\count91
\quotPTK@=\dimen130

utility macros; pictures: \xy, positions,
\swaptoks@@=\toks16
\connectobjectbox@@=\box28
 objects,
\styletoks@=\toks17
 decorations;
kernel objects: directionals, circles, text; options; algorithms: directions,
edges, connections;  Xy-pic loaded)
(/usr/local/texlive/2013/texmf-dist/tex/generic/oberdiek/ifpdf.sty
Package: ifpdf 2011/01/30 v2.3 Provides the ifpdf switch (HO)
Package ifpdf Info: pdfTeX in PDF mode is detected.
)
Package: xy 2012/05/24 Xy-pic version 3.8.8

(/usr/local/texlive/2013/texmf-dist/tex/generic/xypic/xyall.tex
 Xy-pic option: All features v.3.8
(/usr/local/texlive/2013/texmf-dist/tex/generic/xypic/xycurve.tex
 Xy-pic option: Curve and Spline extension v.3.12 curve,
\crv@cnt@=\count92
\crvpts@=\toks18
\splinebox@=\box29
\splineval@=\dimen131
\splinedepth@=\dimen132
\splinetol@=\dimen133
\splinelength@=\dimen134
 circles,
\L@=\dimen135
 loaded)
(/usr/local/texlive/2013/texmf-dist/tex/generic/xypic/xyframe.tex
 Xy-pic option: Frame and Bracket extension v.3.14 loaded)
(/usr/local/texlive/2013/texmf-dist/tex/generic/xypic/xycmtip.tex
 Xy-pic option: Computer Modern tip extension v.3.7
(/usr/local/texlive/2013/texmf-dist/tex/generic/xypic/xytips.tex
 Xy-pic option: More Tips extension v.3.9 loaded) loaded)
(/usr/local/texlive/2013/texmf-dist/tex/generic/xypic/xyline.tex
 Xy-pic option: Line styles extension v.3.10
\xylinethick@=\dimen136
 loaded)
(/usr/local/texlive/2013/texmf-dist/tex/generic/xypic/xyrotate.tex
 Xy-pic option: Rotate and Scale extension v.3.8 loaded)
(/usr/local/texlive/2013/texmf-dist/tex/generic/xypic/xycolor.tex
 Xy-pic option: Colour extension v.3.11 loaded)
(/usr/local/texlive/2013/texmf-dist/tex/generic/xypic/xymatrix.tex
 Xy-pic option: Matrix feature v.3.14
\Row=\count93
\Col=\count94
\queue@=\toks19
\queue@@=\toks20
\qcount@=\count95
\qcount@@=\count96
\matrixsize@=\count97
 loaded)
(/usr/local/texlive/2013/texmf-dist/tex/generic/xypic/xyarrow.tex
 Xy-pic option: Arrow and Path feature v.3.9 path, \ar, loaded)
(/usr/local/texlive/2013/texmf-dist/tex/generic/xypic/xygraph.tex
 Xy-pic option: Graph feature v.3.11 loaded) loaded)
(/usr/local/texlive/2013/texmf-dist/tex/generic/xypic/xypdf.tex
 Xy-pic option: PDF driver v.1.7 Xy-pic pdf driver: `color' extension support
(/usr/local/texlive/2013/texmf-dist/tex/generic/xypic/xypdf-co.tex loaded)
Xy-pic pdf driver: `curve' extension support
(/usr/local/texlive/2013/texmf-dist/tex/generic/xypic/xypdf-cu.tex loaded)
Xy-pic pdf driver: `frame' extension support
(/usr/local/texlive/2013/texmf-dist/tex/generic/xypic/xypdf-fr.tex loaded)
Xy-pic pdf driver: `line' extension support
(/usr/local/texlive/2013/texmf-dist/tex/generic/xypic/xypdf-li.tex loaded)
Xy-pic pdf driver: `rotate' extension support
(/usr/local/texlive/2013/texmf-dist/tex/generic/xypic/xypdf-ro.tex loaded)
loaded)) (/usr/local/texlive/2013/texmf-dist/tex/latex/lastpage/lastpage.sty
Package: lastpage 2013/01/28 v1.2l Refers to last page's name (HMM; JPG)
)
(/usr/local/texlive/2013/texmf-dist/tex/latex/graphics/graphicx.sty
Package: graphicx 1999/02/16 v1.0f Enhanced LaTeX Graphics (DPC,SPQR)

(/usr/local/texlive/2013/texmf-dist/tex/latex/graphics/keyval.sty
Package: keyval 1999/03/16 v1.13 key=value parser (DPC)
\KV@toks@=\toks21
)
(/usr/local/texlive/2013/texmf-dist/tex/latex/graphics/graphics.sty
Package: graphics 2009/02/05 v1.0o Standard LaTeX Graphics (DPC,SPQR)

(/usr/local/texlive/2013/texmf-dist/tex/latex/graphics/trig.sty
Package: trig 1999/03/16 v1.09 sin cos tan (DPC)
)
(/usr/local/texlive/2013/texmf-dist/tex/latex/latexconfig/graphics.cfg
File: graphics.cfg 2010/04/23 v1.9 graphics configuration of TeX Live
)
Package graphics Info: Driver file: pdftex.def on input line 91.

(/usr/local/texlive/2013/texmf-dist/tex/latex/pdftex-def/pdftex.def
File: pdftex.def 2011/05/27 v0.06d Graphics/color for pdfTeX

(/usr/local/texlive/2013/texmf-dist/tex/generic/oberdiek/infwarerr.sty
Package: infwarerr 2010/04/08 v1.3 Providing info/warning/error messages (HO)
)
(/usr/local/texlive/2013/texmf-dist/tex/generic/oberdiek/ltxcmds.sty
Package: ltxcmds 2011/11/09 v1.22 LaTeX kernel commands for general use (HO)
)
\Gread@gobject=\count98
))
\Gin@req@height=\dimen137
\Gin@req@width=\dimen138
)
(/usr/local/texlive/2013/texmf-dist/tex/latex/fancyhdr/fancyhdr.sty
\fancy@headwidth=\skip43
\f@ncyO@elh=\skip44
\f@ncyO@erh=\skip45
\f@ncyO@olh=\skip46
\f@ncyO@orh=\skip47
\f@ncyO@elf=\skip48
\f@ncyO@erf=\skip49
\f@ncyO@olf=\skip50
\f@ncyO@orf=\skip51
)
(/usr/local/texlive/2013/texmf-dist/tex/latex/fncychap/fncychap.sty
Package: fncychap 2007/07/30 v1.34 LaTeX package (Revised chapters)
\RW=\skip52
\mylen=\skip53
\myhi=\skip54
\px=\skip55
\py=\skip56
\pyy=\skip57
\pxx=\skip58
)
(/usr/local/texlive/2013/texmf-dist/tex/latex/hyperref/hyperref.sty
Package: hyperref 2012/11/06 v6.83m Hypertext links for LaTeX

(/usr/local/texlive/2013/texmf-dist/tex/generic/oberdiek/hobsub-hyperref.sty
Package: hobsub-hyperref 2012/05/28 v1.13 Bundle oberdiek, subset hyperref (HO)


(/usr/local/texlive/2013/texmf-dist/tex/generic/oberdiek/hobsub-generic.sty
Package: hobsub-generic 2012/05/28 v1.13 Bundle oberdiek, subset generic (HO)
Package: hobsub 2012/05/28 v1.13 Construct package bundles (HO)
Package hobsub Info: Skipping package `infwarerr' (already loaded).
Package hobsub Info: Skipping package `ltxcmds' (already loaded).
Package: ifluatex 2010/03/01 v1.3 Provides the ifluatex switch (HO)
Package ifluatex Info: LuaTeX not detected.
Package: ifvtex 2010/03/01 v1.5 Detect VTeX and its facilities (HO)
Package ifvtex Info: VTeX not detected.
Package: intcalc 2007/09/27 v1.1 Expandable calculations with integers (HO)
Package hobsub Info: Skipping package `ifpdf' (already loaded).
Package: etexcmds 2011/02/16 v1.5 Avoid name clashes with e-TeX commands (HO)
Package etexcmds Info: Could not find \expanded.
(etexcmds)             That can mean that you are not using pdfTeX 1.50 or
(etexcmds)             that some package has redefined \expanded.
(etexcmds)             In the latter case, load this package earlier.
Package: kvsetkeys 2012/04/25 v1.16 Key value parser (HO)
Package: kvdefinekeys 2011/04/07 v1.3 Define keys (HO)
Package: pdftexcmds 2011/11/29 v0.20 Utility functions of pdfTeX for LuaTeX (HO
)
Package pdftexcmds Info: LuaTeX not detected.
Package pdftexcmds Info: \pdf@primitive is available.
Package pdftexcmds Info: \pdf@ifprimitive is available.
Package pdftexcmds Info: \pdfdraftmode found.
Package: pdfescape 2011/11/25 v1.13 Implements pdfTeX's escape features (HO)
Package: bigintcalc 2012/04/08 v1.3 Expandable calculations on big integers (HO
)
Package: bitset 2011/01/30 v1.1 Handle bit-vector datatype (HO)
Package: uniquecounter 2011/01/30 v1.2 Provide unlimited unique counter (HO)
)
Package hobsub Info: Skipping package `hobsub' (already loaded).
Package: letltxmacro 2010/09/02 v1.4 Let assignment for LaTeX macros (HO)
Package: hopatch 2012/05/28 v1.2 Wrapper for package hooks (HO)
Package: xcolor-patch 2011/01/30 xcolor patch
Package: atveryend 2011/06/30 v1.8 Hooks at the very end of document (HO)
Package atveryend Info: \enddocument detected (standard20110627).
Package: atbegshi 2011/10/05 v1.16 At begin shipout hook (HO)
Package: refcount 2011/10/16 v3.4 Data extraction from label references (HO)
Package: hycolor 2011/01/30 v1.7 Color options for hyperref/bookmark (HO)
)
(/usr/local/texlive/2013/texmf-dist/tex/generic/ifxetex/ifxetex.sty
Package: ifxetex 2010/09/12 v0.6 Provides ifxetex conditional
)
(/usr/local/texlive/2013/texmf-dist/tex/latex/oberdiek/auxhook.sty
Package: auxhook 2011/03/04 v1.3 Hooks for auxiliary files (HO)
)
(/usr/local/texlive/2013/texmf-dist/tex/latex/oberdiek/kvoptions.sty
Package: kvoptions 2011/06/30 v3.11 Key value format for package options (HO)
)
\@linkdim=\dimen139
\Hy@linkcounter=\count99
\Hy@pagecounter=\count100

(/usr/local/texlive/2013/texmf-dist/tex/latex/hyperref/pd1enc.def
File: pd1enc.def 2012/11/06 v6.83m Hyperref: PDFDocEncoding definition (HO)
)
\Hy@SavedSpaceFactor=\count101

(/usr/local/texlive/2013/texmf-dist/tex/latex/latexconfig/hyperref.cfg
File: hyperref.cfg 2002/06/06 v1.2 hyperref configuration of TeXLive
)
Package hyperref Info: Hyper figures OFF on input line 4443.
Package hyperref Info: Link nesting OFF on input line 4448.
Package hyperref Info: Hyper index ON on input line 4451.
Package hyperref Info: Plain pages OFF on input line 4458.
Package hyperref Info: Backreferencing OFF on input line 4463.
Package hyperref Info: Implicit mode ON; LaTeX internals redefined.
Package hyperref Info: Bookmarks ON on input line 4688.
\c@Hy@tempcnt=\count102

(/usr/local/texlive/2013/texmf-dist/tex/latex/url/url.sty
\Urlmuskip=\muskip10
Package: url 2006/04/12  ver 3.3  Verb mode for urls, etc.
)
LaTeX Info: Redefining \url on input line 5041.
\XeTeXLinkMargin=\dimen140
\Fld@menulength=\count103
\Field@Width=\dimen141
\Fld@charsize=\dimen142
Package hyperref Info: Hyper figures OFF on input line 6295.
Package hyperref Info: Link nesting OFF on input line 6300.
Package hyperref Info: Hyper index ON on input line 6303.
Package hyperref Info: backreferencing OFF on input line 6310.
Package hyperref Info: Link coloring OFF on input line 6315.
Package hyperref Info: Link coloring with OCG OFF on input line 6320.
Package hyperref Info: PDF/A mode OFF on input line 6325.
LaTeX Info: Redefining \ref on input line 6365.
LaTeX Info: Redefining \pageref on input line 6369.
\Hy@abspage=\count104
\c@Item=\count105
\c@Hfootnote=\count106
)

Package hyperref Message: Driver (autodetected): hpdftex.

(/usr/local/texlive/2013/texmf-dist/tex/latex/hyperref/hpdftex.def
File: hpdftex.def 2012/11/06 v6.83m Hyperref driver for pdfTeX
\Fld@listcount=\count107
\c@bookmark@seq@number=\count108

(/usr/local/texlive/2013/texmf-dist/tex/latex/oberdiek/rerunfilecheck.sty
Package: rerunfilecheck 2011/04/15 v1.7 Rerun checks for auxiliary files (HO)
Package uniquecounter Info: New unique counter `rerunfilecheck' on input line 2
82.
)
\Hy@SectionHShift=\skip59
)
(../common/page_layout.tex) (../common/custom_commands.tex)

LaTeX Warning: Unused global option(s):
    [A4].

(./StandardModel.aux

LaTeX Warning: Label `fig:ch3_EEToHZ' multiply defined.


LaTeX Warning: Label `fig:ch8_EMuToEMuMomenta' multiply defined.


LaTeX Warning: Label `fig:ch13_ZToFF' multiply defined.


LaTeX Warning: Label `fig:ch14_DrellYanUDToENu' multiply defined.

)
\openout1 = `StandardModel.aux'.

LaTeX Font Info:    Checking defaults for OML/cmm/m/it on input line 28.
LaTeX Font Info:    ... okay on input line 28.
LaTeX Font Info:    Checking defaults for T1/cmr/m/n on input line 28.
LaTeX Font Info:    ... okay on input line 28.
LaTeX Font Info:    Checking defaults for OT1/cmr/m/n on input line 28.
LaTeX Font Info:    ... okay on input line 28.
LaTeX Font Info:    Checking defaults for OMS/cmsy/m/n on input line 28.
LaTeX Font Info:    ... okay on input line 28.
LaTeX Font Info:    Checking defaults for OMX/cmex/m/n on input line 28.
LaTeX Font Info:    ... okay on input line 28.
LaTeX Font Info:    Checking defaults for U/cmr/m/n on input line 28.
LaTeX Font Info:    ... okay on input line 28.
LaTeX Font Info:    Checking defaults for PD1/pdf/m/n on input line 28.
LaTeX Font Info:    ... okay on input line 28.
LaTeX Font Info:    External font `cmex10' loaded for size
(Font)              <7> on input line 28.
LaTeX Font Info:    External font `cmex10' loaded for size
(Font)              <5> on input line 28.
LaTeX Font Info:    Try loading font information for U+lasy on input line 28.
 (/usr/local/texlive/2013/texmf-dist/tex/latex/base/ulasy.fd
File: ulasy.fd 1998/08/17 v2.2e LaTeX symbol font definitions
)
Package xypdf Info: Line width: 0.39998pt on input line 28.
Package lastpage Info: Please have a look at the pageslts package at
(lastpage)             http://www.ctan.org/tex-archive/ 
(lastpage)             macros/latex/contrib/pageslts/ 
(lastpage)             or
(lastpage)             http://www.ctan.org/tex-archive/ 
(lastpage)             install/macros/latex/contrib/pageslts.tds.zip
(lastpage)             ! on input line 28.

(/usr/local/texlive/2013/texmf-dist/tex/context/base/supp-pdf.mkii
[Loading MPS to PDF converter (version 2006.09.02).]
\scratchcounter=\count109
\scratchdimen=\dimen143
\scratchbox=\box30
\nofMPsegments=\count110
\nofMParguments=\count111
\everyMPshowfont=\toks22
\MPscratchCnt=\count112
\MPscratchDim=\dimen144
\MPnumerator=\count113
\makeMPintoPDFobject=\count114
\everyMPtoPDFconversion=\toks23
) (/usr/local/texlive/2013/texmf-dist/tex/latex/oberdiek/epstopdf-base.sty
Package: epstopdf-base 2010/02/09 v2.5 Base part for package epstopdf

(/usr/local/texlive/2013/texmf-dist/tex/latex/oberdiek/grfext.sty
Package: grfext 2010/08/19 v1.1 Manage graphics extensions (HO)
)
Package grfext Info: Graphics extension search list:
(grfext)             [.png,.pdf,.jpg,.mps,.jpeg,.jbig2,.jb2,.PNG,.PDF,.JPG,.JPE
G,.JBIG2,.JB2,.eps]
(grfext)             \AppendGraphicsExtensions on input line 452.

(/usr/local/texlive/2013/texmf-dist/tex/latex/latexconfig/epstopdf-sys.cfg
File: epstopdf-sys.cfg 2010/07/13 v1.3 Configuration of (r)epstopdf for TeX Liv
e
))
\AtBeginShipoutBox=\box31
Package hyperref Info: Link coloring OFF on input line 28.

(/usr/local/texlive/2013/texmf-dist/tex/latex/hyperref/nameref.sty
Package: nameref 2012/10/27 v2.43 Cross-referencing by name of section

(/usr/local/texlive/2013/texmf-dist/tex/generic/oberdiek/gettitlestring.sty
Package: gettitlestring 2010/12/03 v1.4 Cleanup title references (HO)
)
\c@section@level=\count115
)
LaTeX Info: Redefining \ref on input line 28.
LaTeX Info: Redefining \pageref on input line 28.
LaTeX Info: Redefining \nameref on input line 28.

(./StandardModel.out) (./StandardModel.out)
\@outlinefile=\write4
\openout4 = `StandardModel.out'.

LaTeX Font Info:    External font `cmex10' loaded for size
(Font)              <12> on input line 30.
LaTeX Font Info:    External font `cmex10' loaded for size
(Font)              <8> on input line 30.
LaTeX Font Info:    External font `cmex10' loaded for size
(Font)              <6> on input line 30.
 [1


{/usr/local/texlive/2013/texmf-var/fonts/map/pdftex/updmap/pdftex.map}] [2

]
Overfull \hbox (6.0pt too wide) in paragraph at lines 30--30
[][] 
 []

(./StandardModel.toc [3] [4] [5])
\tf@toc=\write5
\openout5 = `StandardModel.toc'.

 [6]
Overfull \hbox (6.0pt too wide) in paragraph at lines 31--31
[][] 
 []

(./StandardModel.lof [7

] [8])
\tf@lof=\write6
\openout6 = `StandardModel.lof'.

 [9] [10

] (./chapter_1.tex
Chapter 1.
LaTeX Font Info:    External font `cmex10' loaded for size
(Font)              <14.4> on input line 1.
LaTeX Font Info:    Try loading font information for OMS+cmr on input line 103.

(/usr/local/texlive/2013/texmf-dist/tex/latex/base/omscmr.fd
File: omscmr.fd 1999/05/25 v2.5h Standard LaTeX font definitions
)
LaTeX Font Info:    Font shape `OMS/cmr/m/n' in size <10> not available
(Font)              Font shape `OMS/cmsy/m/n' tried instead on input line 103.
 [11

] [12]
<images/chapter_1/galacticCurve.pdf, id=895, 590.205pt x 484.30937pt>
File: images/chapter_1/galacticCurve.pdf Graphic file (type pdf)

<use images/chapter_1/galacticCurve.pdf>
Package pdftex.def Info: images/chapter_1/galacticCurve.pdf used on input line 
161.
(pdftex.def)             Requested size: 369.88582pt x 303.52766pt.
 [13 <./images/chapter_1/galacticCurve.pdf>] [14]
<images/chapter_1/type1Supernovae.pdf, id=921, 472.76625pt x 456.20438pt>
File: images/chapter_1/type1Supernovae.pdf Graphic file (type pdf)

<use images/chapter_1/type1Supernovae.pdf>
Package pdftex.def Info: images/chapter_1/type1Supernovae.pdf used on input lin
e 201.
(pdftex.def)             Requested size: 184.9429pt x 178.4689pt.

<images/chapter_1/powerSpectrum.pdf, id=924, 696.6025pt x 691.08188pt>
File: images/chapter_1/powerSpectrum.pdf Graphic file (type pdf)

<use images/chapter_1/powerSpectrum.pdf>
Package pdftex.def Info: images/chapter_1/powerSpectrum.pdf used on input line 
217.
(pdftex.def)             Requested size: 369.88582pt x 366.95708pt.
 [15 <./images/chapter_1/type1Supernovae.pdf>] [16 <./images/chapter_1/powerSpe
ctrum.pdf>]
<images/web_feynman/image_1.png, id=959, 676.5275pt x 354.32375pt>
File: images/web_feynman/image_1.png Graphic file (type png)

<use images/web_feynman/image_1.png>
Package pdftex.def Info: images/web_feynman/image_1.png used on input line 254.

(pdftex.def)             Requested size: 295.90977pt x 154.98381pt.

<images/web_feynman/image_2.png, id=963, 583.17876pt x 315.1775pt>
File: images/web_feynman/image_2.png Graphic file (type png)

<use images/web_feynman/image_2.png>
Package pdftex.def Info: images/web_feynman/image_2.png used on input line 264.

(pdftex.def)             Requested size: 295.90977pt x 159.92563pt.

<images/web_feynman/image_3.png, id=964, 372.39125pt x 425.59pt>
File: images/web_feynman/image_3.png Graphic file (type png)

<use images/web_feynman/image_3.png>
Package pdftex.def Info: images/web_feynman/image_3.png used on input line 273.

(pdftex.def)             Requested size: 147.95206pt x 169.09003pt.

<images/web_feynman/image_4.png, id=965, 372.39125pt x 425.59pt>
File: images/web_feynman/image_4.png Graphic file (type png)

<use images/web_feynman/image_4.png>
Package pdftex.def Info: images/web_feynman/image_4.png used on input line 274.

(pdftex.def)             Requested size: 147.95206pt x 169.09003pt.
 [17 <./images/web_feynman/image_1.png> <./images/web_feynman/image_2.png>] [18
 <./images/web_feynman/image_3.png> <./images/web_feynman/image_4.png>] [19

]
<images/web_feynman/image_5.png, id=989, 311.1625pt x 413.545pt>
File: images/web_feynman/image_5.png Graphic file (type png)

<use images/web_feynman/image_5.png>
Package pdftex.def Info: images/web_feynman/image_5.png used on input line 346.

(pdftex.def)             Requested size: 110.96687pt x 147.47522pt.

<images/web_feynman/image_6.png, id=990, 311.1625pt x 413.545pt>
File: images/web_feynman/image_6.png Graphic file (type png)

<use images/web_feynman/image_6.png>
Package pdftex.def Info: images/web_feynman/image_6.png used on input line 347.

(pdftex.def)             Requested size: 110.96687pt x 147.47522pt.

<images/web_feynman/image_7.png, id=991, 311.1625pt x 413.545pt>
File: images/web_feynman/image_7.png Graphic file (type png)

<use images/web_feynman/image_7.png>
Package pdftex.def Info: images/web_feynman/image_7.png used on input line 348.

(pdftex.def)             Requested size: 110.96687pt x 147.47522pt.

<images/chapter_1/SUSYUnification.pdf, id=993, 711.65875pt x 430.60875pt>
File: images/chapter_1/SUSYUnification.pdf Graphic file (type pdf)

<use images/chapter_1/SUSYUnification.pdf>
Package pdftex.def Info: images/chapter_1/SUSYUnification.pdf used on input lin
e 365.
(pdftex.def)             Requested size: 369.88582pt x 223.80612pt.
) [20 <./images/web_feynman/image_5.png> <./images/web_feynman/image_6.png> <./
images/web_feynman/image_7.png>]
[21 <./images/chapter_1/SUSYUnification.pdf>] [22

] (./chapter_2.tex
Chapter 2.
[23

] <images/web_feynman/image_8.png, id=1033, 556.0775pt x 418.56375pt>
File: images/web_feynman/image_8.png Graphic file (type png)

<use images/web_feynman/image_8.png>
Package pdftex.def Info: images/web_feynman/image_8.png used on input line 78.
(pdftex.def)             Requested size: 295.90977pt x 222.73825pt.

<images/chapter_2/pionNucleonScattering.pdf, id=1034, 716.6775pt x 457.71pt>
File: images/chapter_2/pionNucleonScattering.pdf Graphic file (type pdf)

<use images/chapter_2/pionNucleonScattering.pdf>
Package pdftex.def Info: images/chapter_2/pionNucleonScattering.pdf used on inp
ut line 89.
(pdftex.def)             Requested size: 369.88582pt x 236.22963pt.
 [24]

LaTeX Warning: Text page 25 contains only floats.

[25 <./images/web_feynman/image_8.png> <./images/chapter_2/pionNucleonScatterin
g.pdf>] <images/chapter_2/Argus.pdf, id=1062, 447.6725pt x 293.095pt>
File: images/chapter_2/Argus.pdf Graphic file (type pdf)

<use images/chapter_2/Argus.pdf>
Package pdftex.def Info: images/chapter_2/Argus.pdf used on input line 105.
(pdftex.def)             Requested size: 184.9429pt x 121.08653pt.
 [26 <./images/chapter_2/Argus.pdf>]) [27]
[28

] (./chapter_3.tex
Chapter 3.
[29

] [30] [31]
<images/chapter_3/MesonNonetSpin0.pdf, id=1110, 1604.99625pt x 1156.32pt>
File: images/chapter_3/MesonNonetSpin0.pdf Graphic file (type pdf)

<use images/chapter_3/MesonNonetSpin0.pdf>
Package pdftex.def Info: images/chapter_3/MesonNonetSpin0.pdf used on input lin
e 296.
(pdftex.def)             Requested size: 184.9429pt x 133.22984pt.

<images/chapter_3/MesonNonetSpin1.pdf, id=1112, 1604.99625pt x 1156.32pt>
File: images/chapter_3/MesonNonetSpin1.pdf Graphic file (type pdf)

<use images/chapter_3/MesonNonetSpin1.pdf>
Package pdftex.def Info: images/chapter_3/MesonNonetSpin1.pdf used on input lin
e 304.
(pdftex.def)             Requested size: 184.9429pt x 133.22984pt.
 [32 <./images/chapter_3/MesonNonetSpin0.pdf> <./images/chapter_3/MesonNonetSpi
n1.pdf>]
<images/web_feynman/image_9.png, id=1142, 583.17876pt x 352.31625pt>
File: images/web_feynman/image_9.png Graphic file (type png)

<use images/web_feynman/image_9.png>
Package pdftex.def Info: images/web_feynman/image_9.png used on input line 321.

(pdftex.def)             Requested size: 166.44748pt x 100.55632pt.

<images/web_feynman/image_10.png, id=1143, 583.17876pt x 352.31625pt>
File: images/web_feynman/image_10.png Graphic file (type png)

<use images/web_feynman/image_10.png>
Package pdftex.def Info: images/web_feynman/image_10.png used on input line 322
.
(pdftex.def)             Requested size: 166.44748pt x 100.55632pt.
Missing character: There is no Ã in font cmr10!
Missing character: There is no ¯ in font cmr10!
 [33

 <./images/web_feynman/image_9.png> <./images/web_feynman/image_10.png>] [34]
<images/chapter_3/F2.pdf, id=1158, 637.38126pt x 766.865pt>
File: images/chapter_3/F2.pdf Graphic file (type pdf)

<use images/chapter_3/F2.pdf>
Package pdftex.def Info: images/chapter_3/F2.pdf used on input line 430.
(pdftex.def)             Requested size: 258.91893pt x 311.51474pt.

<images/web_feynman/image_11.png, id=1160, 573.14125pt x 344.28625pt>
File: images/web_feynman/image_11.png Graphic file (type png)

<use images/web_feynman/image_11.png>
Package pdftex.def Info: images/web_feynman/image_11.png used on input line 438
.
(pdftex.def)             Requested size: 295.90977pt x 177.7533pt.

<images/chapter_3/electroweakUnification.pdf, id=1162, 564.1075pt x 534.99875pt
>
File: images/chapter_3/electroweakUnification.pdf Graphic file (type pdf)
 <use images/chapter_3/electroweakUnification.pdf>
Package pdftex.def Info: images/chapter_3/electroweakUnification.pdf used on in
put line 453.
(pdftex.def)             Requested size: 369.88582pt x 350.80634pt.
 [35] [36 <./images/chapter_3/F2.pdf> <./images/web_feynman/image_11.png>] [37 
<./images/chapter_3/electroweakUnification.pdf>]
<images/chapter_3/mumuspectrumCMS.pdf, id=1204, 1244.65pt x 837.1275pt>
File: images/chapter_3/mumuspectrumCMS.pdf Graphic file (type pdf)

<use images/chapter_3/mumuspectrumCMS.pdf>
Package pdftex.def Info: images/chapter_3/mumuspectrumCMS.pdf used on input lin
e 469.
(pdftex.def)             Requested size: 332.89497pt x 223.89427pt.

<images/web_feynman/image_14.png, id=1207, 598.235pt x 325.215pt>
File: images/web_feynman/image_14.png Graphic file (type png)

<use images/web_feynman/image_14.png>
Package pdftex.def Info: images/web_feynman/image_14.png used on input line 482
.
(pdftex.def)             Requested size: 221.93375pt x 120.6502pt.

<images/web_feynman/image_15.png, id=1208, 500.87125pt x 495.8525pt>
File: images/web_feynman/image_15.png Graphic file (type png)

<use images/web_feynman/image_15.png>
Package pdftex.def Info: images/web_feynman/image_15.png used on input line 483
.
(pdftex.def)             Requested size: 221.93375pt x 219.71169pt.

<images/chapter_3/zwidth.pdf, id=1210, 602.25pt x 595.22375pt>
File: images/chapter_3/zwidth.pdf Graphic file (type pdf)

<use images/chapter_3/zwidth.pdf>
Package pdftex.def Info: images/chapter_3/zwidth.pdf used on input line 494.
(pdftex.def)             Requested size: 295.90977pt x 292.47052pt.
 [38

 <./images/chapter_3/mumuspectrumCMS.pdf>] <images/web_feynman/image_16.png, id
=1232, 573.14125pt x 319.1925pt>
File: images/web_feynman/image_16.png Graphic file (type png)

<use images/web_feynman/image_16.png>
Package pdftex.def Info: images/web_feynman/image_16.png used on input line 509
.
(pdftex.def)             Requested size: 295.90977pt x 164.79752pt.

Underfull \vbox (badness 10000) has occurred while \output is active []

 [39 <./images/web_feynman/image_14.png> <./images/web_feynman/image_15.png>]
Underfull \vbox (badness 10000) has occurred while \output is active []

 [40 <./images/chapter_3/zwidth.pdf> <./images/web_feynman/image_16.png>]
<images/chapter_3/Upsilon.pdf, id=1257, 602.25pt x 890.32625pt>
File: images/chapter_3/Upsilon.pdf Graphic file (type pdf)

<use images/chapter_3/Upsilon.pdf>
Package pdftex.def Info: images/chapter_3/Upsilon.pdf used on input line 529.
(pdftex.def)             Requested size: 277.41435pt x 410.12563pt.
 [41 <./images/chapter_3/Upsilon.pdf>]
<images/chapter_3/QCD_pt.pdf, id=1276, 855.195pt x 812.03375pt>
File: images/chapter_3/QCD_pt.pdf Graphic file (type pdf)

<use images/chapter_3/QCD_pt.pdf>
Package pdftex.def Info: images/chapter_3/QCD_pt.pdf used on input line 541.
(pdftex.def)             Requested size: 369.88582pt x 351.21216pt.
) [42 <./images/chapter_3/QCD_pt.pdf>]
(./chapter_4.tex
Chapter 4.
[43


] [44] [45] [46] [47] [48] [49] [50]
<images/chapter_4/action2.pdf, id=1349, 1003.75pt x 501.875pt>
File: images/chapter_4/action2.pdf Graphic file (type pdf)

<use images/chapter_4/action2.pdf>
Package pdftex.def Info: images/chapter_4/action2.pdf used on input line 399.
(pdftex.def)             Requested size: 369.88582pt x 184.94801pt.
 [51] [52 <./images/chapter_4/action2.pdf>]
<images/chapter_4/diracDelta.pdf, id=1371, 1003.75pt x 501.875pt>
File: images/chapter_4/diracDelta.pdf Graphic file (type pdf)

<use images/chapter_4/diracDelta.pdf>
Package pdftex.def Info: images/chapter_4/diracDelta.pdf used on input line 475
.
(pdftex.def)             Requested size: 369.88582pt x 184.94801pt.
 [53] [54 <./images/chapter_4/diracDelta.pdf>] [55] <images/chapter_4/heaviside
.pdf, id=1401, 1003.75pt x 501.875pt>
File: images/chapter_4/heaviside.pdf Graphic file (type pdf)

<use images/chapter_4/heaviside.pdf>
Package pdftex.def Info: images/chapter_4/heaviside.pdf used on input line 611.

(pdftex.def)             Requested size: 369.88582pt x 184.94801pt.
 [56]) [57 <./images/chapter_4/heaviside.pdf>] [58

] (./chapter_5.tex
Chapter 5.
[59

] [60] <images/chapter_5/lightcone.pdf, id=1441, 1003.75pt x 1003.75pt>
File: images/chapter_5/lightcone.pdf Graphic file (type pdf)

<use images/chapter_5/lightcone.pdf>
Package pdftex.def Info: images/chapter_5/lightcone.pdf used on input line 98.
(pdftex.def)             Requested size: 277.41435pt x 277.4182pt.
 [61 <./images/chapter_5/lightcone.pdf>]
[62] <images/web_feynman/image_17.png, id=1464, 498.86375pt x 392.46625pt>
File: images/web_feynman/image_17.png Graphic file (type png)

<use images/web_feynman/image_17.png>
Package pdftex.def Info: images/web_feynman/image_17.png used on input line 176
.
(pdftex.def)             Requested size: 147.95206pt x 116.39336pt.

<images/web_feynman/image_18.png, id=1465, 512.91624pt x 382.42876pt>
File: images/web_feynman/image_18.png Graphic file (type png)

<use images/web_feynman/image_18.png>
Package pdftex.def Info: images/web_feynman/image_18.png used on input line 177
.
(pdftex.def)             Requested size: 147.95206pt x 110.31212pt.

<images/web_feynman/image_19.png, id=1466, 515.9275pt x 392.46625pt>
File: images/web_feynman/image_19.png Graphic file (type png)

<use images/web_feynman/image_19.png>
Package pdftex.def Info: images/web_feynman/image_19.png used on input line 178
.
(pdftex.def)             Requested size: 147.95206pt x 112.54271pt.

Overfull \hbox (92.63701pt too wide) in paragraph at lines 175--180
 [] 
 []

[63 <./images/web_feynman/image_17.png> <./images/web_feynman/image_18.png> <./
images/web_feynman/image_19.png>] [64] [65]
<images/chapter_5/path1.pdf, id=1500, 1003.75pt x 1003.75pt>
File: images/chapter_5/path1.pdf Graphic file (type pdf)

<use images/chapter_5/path1.pdf>
Package pdftex.def Info: images/chapter_5/path1.pdf used on input line 313.
(pdftex.def)             Requested size: 184.9429pt x 184.94035pt.

<images/chapter_5/path2.pdf, id=1501, 1003.75pt x 1003.75pt>
File: images/chapter_5/path2.pdf Graphic file (type pdf)

<use images/chapter_5/path2.pdf>
Package pdftex.def Info: images/chapter_5/path2.pdf used on input line 314.
(pdftex.def)             Requested size: 184.9429pt x 184.94035pt.

Overfull \hbox (23.99998pt too wide) in paragraph at lines 312--316
 [] 
 []

) [66 <./images/chapter_5/path1.pdf> <./images/chapter_5/path2.pdf>]
(./chapter_6.tex
Chapter 6.
[67


]
Overfull \hbox (30.75755pt too wide) detected at line 60
\OML/cmm/m/it/10  \OT1/cmr/m/n/10 ([][]\OML/cmm/m/it/10 ; t[]\OT1/cmr/m/n/10 ) 
= \OML/cmm/m/it/10 ^^^\OT1/cmr/m/n/10 ([][]\OML/cmm/m/it/10 ; t[]\OT1/cmr/m/n/1
0 ) + [] d[]\OML/cmm/m/it/10 x[]G[]\OT1/cmr/m/n/10 (\OML/cmm/m/it/10 x[]\OT1/cm
r/m/n/10 ; 1)\OML/cmm/m/it/10 V\OT1/cmr/m/n/10 (1)\OML/cmm/m/it/10 ^^^\OT1/cmr/
m/n/10 (1) + [] [] d[]\OML/cmm/m/it/10 x[]\OT1/cmr/m/n/10 d[]\OML/cmm/m/it/10 x
[]G[]\OT1/cmr/m/n/10 (\OML/cmm/m/it/10 x[]\OT1/cmr/m/n/10 ; 2)\OML/cmm/m/it/10 
V\OT1/cmr/m/n/10 (2)\OML/cmm/m/it/10 G[]\OT1/cmr/m/n/10 (2; 1)\OML/cmm/m/it/10 
V\OT1/cmr/m/n/10 (1)\OML/cmm/m/it/10 ^^^\OT1/cmr/m/n/10 (1)
 []

[68]) [69] [70

] (./chapter_7.tex
Chapter 7.
LaTeX Font Info:    External font `cmex10' loaded for size
(Font)              <24.88> on input line 1.
LaTeX Font Info:    External font `cmex10' loaded for size
(Font)              <20.74> on input line 1.
LaTeX Font Info:    External font `cmex10' loaded for size
(Font)              <17.28> on input line 1.
<images/web_feynman/image_20.png, id=1547, 382.42876pt x 305.14pt>
File: images/web_feynman/image_20.png Graphic file (type png)

<use images/web_feynman/image_20.png>
Package pdftex.def Info: images/web_feynman/image_20.png used on input line 7.
(pdftex.def)             Requested size: 184.9429pt x 147.56435pt.
 [71

 <./images/web_feynman/image_20.png>]
[72]
Overfull \hbox (45.29976pt too wide) in alignment at lines 99--103
 [][][] []
 []

[73]
Overfull \hbox (52.76973pt too wide) in alignment at lines 125--131
 [][][] []
 []

[74] [75] <images/web_feynman/image_21.png, id=1580, 451.6875pt x 234.8775pt>
File: images/web_feynman/image_21.png Graphic file (type png)

<use images/web_feynman/image_21.png>
Package pdftex.def Info: images/web_feynman/image_21.png used on input line 222
.
(pdftex.def)             Requested size: 277.41435pt x 144.26422pt.
 [76 <./images/web_feynman/image_21.png>]
<images/web_feynman/image_22.png, id=1589, 472.76625pt x 354.32375pt>
File: images/web_feynman/image_22.png Graphic file (type png)

<use images/web_feynman/image_22.png>
Package pdftex.def Info: images/web_feynman/image_22.png used on input line 257
.
(pdftex.def)             Requested size: 184.9429pt x 138.61281pt.

<images/web_feynman/image_23.png, id=1590, 462.72874pt x 203.76125pt>
File: images/web_feynman/image_23.png Graphic file (type png)

<use images/web_feynman/image_23.png>
Package pdftex.def Info: images/web_feynman/image_23.png used on input line 265
.
(pdftex.def)             Requested size: 277.41435pt x 122.15819pt.
 [77 <./images/web_feynman/image_22.png>]
[78 <./images/web_feynman/image_23.png>]) [79] [80

] (./chapter_8.tex
Chapter 8.
[81

] [82] [83] [84] [85] [86] [87] [88] [89]
Overfull \hbox (26.2245pt too wide) detected at line 750
[] [] \OMS/cmsy/m/n/10 ^^@ [] [] \OT1/cmr/m/n/10 = []
 []

<images/web_feynman/image_24.png, id=1669, 551.05875pt x 478.78876pt>
File: images/web_feynman/image_24.png Graphic file (type png)

<use images/web_feynman/image_24.png>
Package pdftex.def Info: images/web_feynman/image_24.png used on input line 762
.
(pdftex.def)             Requested size: 277.41435pt x 241.03757pt.

Overfull \hbox (16.22647pt too wide) in alignment at lines 770--818
 [][][] []
 []

[90]
Missing character: There is no Ã in font cmr10!
Missing character: There is no ƒ in font cmr10!
 [91 <./images/web_feynman/image_24.png>] [92] [93]
Overfull \hbox (51.92734pt too wide) in alignment at lines 1213--1222
 [][][] []
 []

[94] [95] [96]
<images/web_feynman/image_87.png, id=1717, 473.77pt x 370.38374pt>
File: images/web_feynman/image_87.png Graphic file (type png)

<use images/web_feynman/image_87.png>
Package pdftex.def Info: images/web_feynman/image_87.png used on input line 138
4.
(pdftex.def)             Requested size: 184.9429pt x 144.5847pt.
 [97] [98 <./images/web_feynman/image_87.png>]
Overfull \hbox (6.4151pt too wide) in paragraph at lines 1478--1479
[]\OT1/cmr/m/n/10 The only non-zero terms are terms in-volv-ing two or four $\O
ML/cmm/m/it/10 ^^M$ \OT1/cmr/m/n/10 ma-tri-ces. eg $[] =
 []


Overfull \hbox (5.84407pt too wide) in alignment at lines 1480--1486
 [][][] []
 []

[99] <images/web_feynman/image_25.png, id=1737, 409.53pt x 430.60875pt>
File: images/web_feynman/image_25.png Graphic file (type png)

<use images/web_feynman/image_25.png>
Package pdftex.def Info: images/web_feynman/image_25.png used on input line 152
2.
(pdftex.def)             Requested size: 147.95206pt x 155.57095pt.

<images/web_feynman/image_26.png, id=1738, 637.38126pt x 338.26375pt>
File: images/web_feynman/image_26.png Graphic file (type png)

<use images/web_feynman/image_26.png>
Package pdftex.def Info: images/web_feynman/image_26.png used on input line 152
3.
(pdftex.def)             Requested size: 221.93375pt x 117.77986pt.

Overfull \hbox (23.99998pt too wide) in paragraph at lines 1521--1525
 [] 
 []

[100 <./images/web_feynman/image_25.png> <./images/web_feynman/image_26.png>]
[101] <images/web_feynman/image_28.png, id=1751, 543.02875pt x 305.14pt>
File: images/web_feynman/image_28.png Graphic file (type png)

<use images/web_feynman/image_28.png>
Package pdftex.def Info: images/web_feynman/image_28.png used on input line 160
3.
(pdftex.def)             Requested size: 184.9429pt x 103.92314pt.

<images/web_feynman/image_29.png, id=1752, 543.02875pt x 363.3575pt>
File: images/web_feynman/image_29.png Graphic file (type png)

<use images/web_feynman/image_29.png>
Package pdftex.def Info: images/web_feynman/image_29.png used on input line 160
4.
(pdftex.def)             Requested size: 184.9429pt x 123.7506pt.

Overfull \hbox (23.99998pt too wide) in paragraph at lines 1602--1606
 [] 
 []

<images/web_feynman/image_30.png, id=1753, 472.76625pt x 405.515pt>
File: images/web_feynman/image_30.png Graphic file (type png)

<use images/web_feynman/image_30.png>
Package pdftex.def Info: images/web_feynman/image_30.png used on input line 161
5.
(pdftex.def)             Requested size: 184.9429pt x 158.63902pt.
 [102 <./images/web_feynman/image_28.png> <./images/web_feynman/image_29.png>]
<images/web_feynman/image_31.png, id=1761, 573.14125pt x 425.59pt>
File: images/web_feynman/image_31.png Graphic file (type png)

<use images/web_feynman/image_31.png>
Package pdftex.def Info: images/web_feynman/image_31.png used on input line 164
4.
(pdftex.def)             Requested size: 184.9429pt x 137.32802pt.
 [103 <./images/web_feynman/image_30.png>] <images/web_feynman/image_32.png, id
=1769, 587.19376pt x 325.215pt>
File: images/web_feynman/image_32.png Graphic file (type png)

<use images/web_feynman/image_32.png>
Package pdftex.def Info: images/web_feynman/image_32.png used on input line 165
4.
(pdftex.def)             Requested size: 184.9429pt x 102.42838pt.

<images/web_feynman/image_34.png, id=1770, 558.085pt x 401.5pt>
File: images/web_feynman/image_34.png Graphic file (type png)

<use images/web_feynman/image_34.png>
Package pdftex.def Info: images/web_feynman/image_34.png used on input line 166
4.
(pdftex.def)             Requested size: 184.9429pt x 133.0529pt.
 [104 <./images/web_feynman/image_31.png> <./images/web_feynman/image_32.png> <
./images/web_feynman/image_34.png>]
<images/web_feynman/image_33.png, id=1779, 593.21625pt x 365.365pt>
File: images/web_feynman/image_33.png Graphic file (type png)

<use images/web_feynman/image_33.png>
Package pdftex.def Info: images/web_feynman/image_33.png used on input line 171
0.
(pdftex.def)             Requested size: 277.41435pt x 170.86859pt.
 [105]) [106 <./images/web_feynman/image_33.png>] (./chapter_9.tex
Chapter 9.
[107


] [108] [109] [110] [111]
Overfull \hbox (23.67644pt too wide) in alignment at lines 244--247
 [][][] []
 []

[112]) [113] [114

] (./chapter_10.tex
Chapter 10.
[115

] [116] [117]) [118] (./chapter_11.tex
Chapter 11.
<images/web_feynman/image_36.png, id=1858, 573.14125pt x 578.16pt>
File: images/web_feynman/image_36.png Graphic file (type png)

<use images/web_feynman/image_36.png>
Package pdftex.def Info: images/web_feynman/image_36.png used on input line 7.
(pdftex.def)             Requested size: 184.9429pt x 186.55882pt.

<images/web_feynman/image_37.png, id=1859, 683.55376pt x 342.27875pt>
File: images/web_feynman/image_37.png Graphic file (type png)

<use images/web_feynman/image_37.png>
Package pdftex.def Info: images/web_feynman/image_37.png used on input line 17.

(pdftex.def)             Requested size: 277.41435pt x 138.9146pt.

<images/web_feynman/image_38.png, id=1860, 642.4pt x 484.81125pt>
File: images/web_feynman/image_38.png Graphic file (type png)

<use images/web_feynman/image_38.png>
Package pdftex.def Info: images/web_feynman/image_38.png used on input line 27.

(pdftex.def)             Requested size: 277.41435pt x 209.36728pt.

<images/web_feynman/image_39.png, id=1861, 622.325pt x 484.81125pt>
File: images/web_feynman/image_39.png Graphic file (type png)

<use images/web_feynman/image_39.png>
Package pdftex.def Info: images/web_feynman/image_39.png used on input line 37.

(pdftex.def)             Requested size: 277.41435pt x 216.1139pt.

<images/web_feynman/image_40.png, id=1862, 614.295pt x 327.2225pt>
File: images/web_feynman/image_40.png Graphic file (type png)

<use images/web_feynman/image_40.png>
Package pdftex.def Info: images/web_feynman/image_40.png used on input line 47.

(pdftex.def)             Requested size: 277.41435pt x 147.77303pt.
 [119


 <./images/web_feynman/image_36.png>] [120 <./images/web_feynman/image_37.png> 
<./images/web_feynman/image_38.png>]
[121 <./images/web_feynman/image_39.png> <./images/web_feynman/image_40.png>]
<images/web_feynman/image_41.png, id=1883, 586.19pt x 358.33875pt>
File: images/web_feynman/image_41.png Graphic file (type png)

<use images/web_feynman/image_41.png>
Package pdftex.def Info: images/web_feynman/image_41.png used on input line 107
.
(pdftex.def)             Requested size: 277.41435pt x 169.58388pt.

Overfull \hbox (37.43048pt too wide) in alignment at lines 119--134
 [][][] []
 []

[122] [123 <./images/web_feynman/image_41.png>]) [124] (./chapter_12.tex
Chapter 12.
<images/web_feynman/image_42.png, id=1900, 397.485pt x 363.3575pt>
File: images/web_feynman/image_42.png Graphic file (type png)

<use images/web_feynman/image_42.png>
Package pdftex.def Info: images/web_feynman/image_42.png used on input line 16.

(pdftex.def)             Requested size: 184.9429pt x 169.07037pt.
 [125


]
<images/web_feynman/image_43.png, id=1905, 492.84125pt x 445.665pt>
File: images/web_feynman/image_43.png Graphic file (type png)

<use images/web_feynman/image_43.png>
Package pdftex.def Info: images/web_feynman/image_43.png used on input line 48.

(pdftex.def)             Requested size: 184.9429pt x 167.23956pt.
 [126 <./images/web_feynman/image_42.png> <./images/web_feynman/image_43.png>] 
[127]
<images/web_feynman/image_44.png, id=1919, 693.59125pt x 445.665pt>
File: images/web_feynman/image_44.png Graphic file (type png)

<use images/web_feynman/image_44.png>
Package pdftex.def Info: images/web_feynman/image_44.png used on input line 113
.
(pdftex.def)             Requested size: 295.90977pt x 190.14294pt.

<images/web_feynman/image_45.png, id=1920, 511.9125pt x 445.665pt>
File: images/web_feynman/image_45.png Graphic file (type png)

<use images/web_feynman/image_45.png>
Package pdftex.def Info: images/web_feynman/image_45.png used on input line 121
.
(pdftex.def)             Requested size: 221.93375pt x 193.20988pt.

<images/web_feynman/image_46.png, id=1921, 493.845pt x 347.2975pt>
File: images/web_feynman/image_46.png Graphic file (type png)

<use images/web_feynman/image_46.png>
Package pdftex.def Info: images/web_feynman/image_46.png used on input line 131
.
(pdftex.def)             Requested size: 184.9429pt x 130.06136pt.
 [128 <./images/web_feynman/image_44.png> <./images/web_feynman/image_45.png>] 
[129 <./images/web_feynman/image_46.png>]
Overfull \hbox (55.33524pt too wide) in alignment at lines 188--190
 [][][] []
 []

[130] [131] [132]
<images/web_feynman/image_47.png, id=1952, 542.025pt x 531.9875pt>
File: images/web_feynman/image_47.png Graphic file (type png)

<use images/web_feynman/image_47.png>
Package pdftex.def Info: images/web_feynman/image_47.png used on input line 465
.
(pdftex.def)             Requested size: 184.9429pt x 181.51463pt.

<images/web_feynman/image_48.png, id=1953, 693.59125pt x 504.88625pt>
File: images/web_feynman/image_48.png Graphic file (type png)

<use images/web_feynman/image_48.png>
Package pdftex.def Info: images/web_feynman/image_48.png used on input line 489
.
(pdftex.def)             Requested size: 277.41435pt x 201.9432pt.
 [133]
Underfull \vbox (badness 2261) has occurred while \output is active []

 [134 <./images/web_feynman/image_47.png> <./images/web_feynman/image_48.png>] 
[135]
<images/web_feynman/image_49.png, id=1981, 657.45625pt x 379.4175pt>
File: images/web_feynman/image_49.png Graphic file (type png)

<use images/web_feynman/image_49.png>
Package pdftex.def Info: images/web_feynman/image_49.png used on input line 618
.
(pdftex.def)             Requested size: 277.41435pt x 160.0953pt.

<images/web_feynman/image_50.png, id=1982, 653.44125pt x 315.1775pt>
File: images/web_feynman/image_50.png Graphic file (type png)

<use images/web_feynman/image_50.png>
Package pdftex.def Info: images/web_feynman/image_50.png used on input line 640
.
(pdftex.def)             Requested size: 277.41435pt x 133.8068pt.
 [136 <./images/web_feynman/image_49.png>] [137 <./images/web_feynman/image_50.
png>]
<images/web_feynman/image_51.png, id=1995, 451.6875pt x 493.845pt>
File: images/web_feynman/image_51.png Graphic file (type png)

<use images/web_feynman/image_51.png>
Package pdftex.def Info: images/web_feynman/image_51.png used on input line 662
.
(pdftex.def)             Requested size: 147.95206pt x 161.76367pt.

<images/web_feynman/image_52.png, id=1998, 357.335pt x 372.39125pt>
File: images/web_feynman/image_52.png Graphic file (type png)

<use images/web_feynman/image_52.png>
Package pdftex.def Info: images/web_feynman/image_52.png used on input line 674
.
(pdftex.def)             Requested size: 147.95206pt x 154.18718pt.

<images/web_feynman/image_53.png, id=1999, 357.335pt x 371.3875pt>
File: images/web_feynman/image_53.png Graphic file (type png)

<use images/web_feynman/image_53.png>
Package pdftex.def Info: images/web_feynman/image_53.png used on input line 682
.
(pdftex.def)             Requested size: 147.95206pt x 153.77158pt.
 [138

 <./images/web_feynman/image_51.png> <./images/web_feynman/image_52.png>]
<images/web_feynman/image_54.png, id=2008, 683.55376pt x 350.30875pt>
File: images/web_feynman/image_54.png Graphic file (type png)

<use images/web_feynman/image_54.png>
Package pdftex.def Info: images/web_feynman/image_54.png used on input line 723
.
(pdftex.def)             Requested size: 295.90977pt x 151.65077pt.
 [139 <./images/web_feynman/image_53.png>] [140 <./images/web_feynman/image_54.
png>] [141]
<images/web_feynman/image_55.png, id=2027, 542.025pt x 364.36125pt>
File: images/web_feynman/image_55.png Graphic file (type png)

<use images/web_feynman/image_55.png>
Package pdftex.def Info: images/web_feynman/image_55.png used on input line 809
.
(pdftex.def)             Requested size: 295.90977pt x 198.92043pt.
 [142 <./images/web_feynman/image_55.png>]) [143] [144

] (./chapter_13.tex
Chapter 13.
<images/web_feynman/image_56.png, id=2045, 472.76625pt x 325.215pt>
File: images/web_feynman/image_56.png Graphic file (type png)

<use images/web_feynman/image_56.png>
Package pdftex.def Info: images/web_feynman/image_56.png used on input line 25.

(pdftex.def)             Requested size: 147.95206pt x 101.7783pt.
 [145

] [146 <./images/web_feynman/image_56.png>] [147] [148]
<images/web_feynman/image_57.png, id=2067, 456.70625pt x 330.23375pt>
File: images/web_feynman/image_57.png Graphic file (type png)

<use images/web_feynman/image_57.png>
Package pdftex.def Info: images/web_feynman/image_57.png used on input line 270
.
(pdftex.def)             Requested size: 221.93375pt x 160.47557pt.

<images/web_feynman/image_58.png, id=2068, 661.47125pt x 330.23375pt>
File: images/web_feynman/image_58.png Graphic file (type png)

<use images/web_feynman/image_58.png>
Package pdftex.def Info: images/web_feynman/image_58.png used on input line 292
.
(pdftex.def)             Requested size: 295.90977pt x 147.72702pt.
 [149 <./images/web_feynman/image_57.png>] <images/web_feynman/image_59.png, id
=2075, 617.30624pt x 355.3275pt>
File: images/web_feynman/image_59.png Graphic file (type png)

<use images/web_feynman/image_59.png>
Package pdftex.def Info: images/web_feynman/image_59.png used on input line 325
.
(pdftex.def)             Requested size: 295.90977pt x 170.33295pt.
) [150 <./images/web_feynman/image_58.png>] [151 <./images/web_feynman/image_59
.png>] [152

] (./chapter_14.tex
Chapter 14.
<images/web_feynman/image_60.png, id=2094, 645.41125pt x 444.66125pt>
File: images/web_feynman/image_60.png Graphic file (type png)

<use images/web_feynman/image_60.png>
Package pdftex.def Info: images/web_feynman/image_60.png used on input line 10.

(pdftex.def)             Requested size: 295.90977pt x 203.86815pt.
 [153

]
<images/web_feynman/image_61.png, id=2099, 451.6875pt x 242.9075pt>
File: images/web_feynman/image_61.png Graphic file (type png)

<use images/web_feynman/image_61.png>
Package pdftex.def Info: images/web_feynman/image_61.png used on input line 44.

(pdftex.def)             Requested size: 295.90977pt x 159.14078pt.
 [154 <./images/web_feynman/image_60.png> <./images/web_feynman/image_61.png>]
<images/web_feynman/image_62.png, id=2108, 459.7175pt x 173.64874pt>
File: images/web_feynman/image_62.png Graphic file (type png)

<use images/web_feynman/image_62.png>
Package pdftex.def Info: images/web_feynman/image_62.png used on input line 65.

(pdftex.def)             Requested size: 184.9429pt x 69.85835pt.

<images/web_feynman/image_63.png, id=2109, 451.6875pt x 277.035pt>
File: images/web_feynman/image_63.png Graphic file (type png)

<use images/web_feynman/image_63.png>
Package pdftex.def Info: images/web_feynman/image_63.png used on input line 88.

(pdftex.def)             Requested size: 277.41435pt x 170.1578pt.
 [155 <./images/web_feynman/image_62.png>]
Overfull \hbox (6.21677pt too wide) in paragraph at lines 115--116
[]\OT1/cmr/m/n/10 In the nu-cleon the frac-tion of quarks hav-ing $\OML/cmm/m/i
t/10 x$ \OT1/cmr/m/n/10 be-tween $\OML/cmm/m/it/10 x[]$ \OT1/cmr/m/n/10 and $\O
ML/cmm/m/it/10 x[] \OT1/cmr/m/n/10 + \OML/cmm/m/it/10 ^^Nx[]$ \OT1/cmr/m/n/10 i
s $\OML/cmm/m/it/10 Q[]\OT1/cmr/m/n/10 (\OML/cmm/m/it/10 x[]; Q[]\OT1/cmr/m/n/1
0 )d\OML/cmm/m/it/10 x[]$
 []

[156 <./images/web_feynman/image_63.png>]
<images/web_feynman/image_64.png, id=2122, 582.175pt x 451.6875pt>
File: images/web_feynman/image_64.png Graphic file (type png)

<use images/web_feynman/image_64.png>
Package pdftex.def Info: images/web_feynman/image_64.png used on input line 148
.
(pdftex.def)             Requested size: 277.41435pt x 215.23611pt.

<images/web_feynman/image_65.png, id=2123, 573.14125pt x 316.18124pt>
File: images/web_feynman/image_65.png Graphic file (type png)

<use images/web_feynman/image_65.png>
Package pdftex.def Info: images/web_feynman/image_65.png used on input line 170
.
(pdftex.def)             Requested size: 277.41435pt x 153.03894pt.

<images/web_feynman/image_66.png, id=2124, 562.1pt x 451.6875pt>
File: images/web_feynman/image_66.png Graphic file (type png)

<use images/web_feynman/image_66.png>
Package pdftex.def Info: images/web_feynman/image_66.png used on input line 180
.
(pdftex.def)             Requested size: 277.41435pt x 222.9209pt.
 [157]
<images/web_feynman/image_67.png, id=2131, 512.91624pt x 422.57875pt>
File: images/web_feynman/image_67.png Graphic file (type png)

<use images/web_feynman/image_67.png>
Package pdftex.def Info: images/web_feynman/image_67.png used on input line 198
.
(pdftex.def)             Requested size: 277.41435pt x 228.55666pt.

Underfull \vbox (badness 10000) has occurred while \output is active []

 [158 <./images/web_feynman/image_64.png> <./images/web_feynman/image_65.png>]
<images/web_feynman/image_68.png, id=2139, 497.86pt x 344.28625pt>
File: images/web_feynman/image_68.png Graphic file (type png)

<use images/web_feynman/image_68.png>
Package pdftex.def Info: images/web_feynman/image_68.png used on input line 206
.
(pdftex.def)             Requested size: 184.9429pt x 127.8935pt.
 [159 <./images/web_feynman/image_66.png> <./images/web_feynman/image_67.png>]
<images/web_feynman/image_69.png, id=2147, 568.1225pt x 174.6525pt>
File: images/web_feynman/image_69.png Graphic file (type png)

<use images/web_feynman/image_69.png>
Package pdftex.def Info: images/web_feynman/image_69.png used on input line 214
.
(pdftex.def)             Requested size: 184.9429pt x 56.85466pt.

<images/web_feynman/image_70.png, id=2148, 430.60875pt x 471.7625pt>
File: images/web_feynman/image_70.png Graphic file (type png)

<use images/web_feynman/image_70.png>
Package pdftex.def Info: images/web_feynman/image_70.png used on input line 224
.
(pdftex.def)             Requested size: 184.9429pt x 202.62357pt.
 [160 <./images/web_feynman/image_68.png> <./images/web_feynman/image_69.png> <
./images/web_feynman/image_70.png>]
<images/web_feynman/image_71.png, id=2157, 647.41875pt x 318.18875pt>
File: images/web_feynman/image_71.png Graphic file (type png)

<use images/web_feynman/image_71.png>
Package pdftex.def Info: images/web_feynman/image_71.png used on input line 245
.
(pdftex.def)             Requested size: 184.9429pt x 90.8935pt.
 [161 <./images/web_feynman/image_71.png>] <images/web_feynman/image_72.png, id
=2164, 542.025pt x 326.21875pt>
File: images/web_feynman/image_72.png Graphic file (type png)

<use images/web_feynman/image_72.png>
Package pdftex.def Info: images/web_feynman/image_72.png used on input line 286
.
(pdftex.def)             Requested size: 184.9429pt x 111.30614pt.
 [162 <./images/web_feynman/image_72.png>] <images/web_feynman/image_73a.png, i
d=2171, 543.02875pt x 198.7425pt>
File: images/web_feynman/image_73a.png Graphic file (type png)

<use images/web_feynman/image_73a.png>
Package pdftex.def Info: images/web_feynman/image_73a.png used on input line 34
4.
(pdftex.def)             Requested size: 184.9429pt x 67.68678pt.

<images/web_feynman/image_73b.png, id=2172, 543.02875pt x 197.73875pt>
File: images/web_feynman/image_73b.png Graphic file (type png)

<use images/web_feynman/image_73b.png>
Package pdftex.def Info: images/web_feynman/image_73b.png used on input line 34
5.
(pdftex.def)             Requested size: 184.9429pt x 67.34494pt.

Overfull \hbox (24.00002pt too wide) in paragraph at lines 343--347
 [] 
 []

[163] <images/web_feynman/image_74.png, id=2179, 497.86pt x 345.29pt>
File: images/web_feynman/image_74.png Graphic file (type png)

<use images/web_feynman/image_74.png>
Package pdftex.def Info: images/web_feynman/image_74.png used on input line 368
.
(pdftex.def)             Requested size: 184.9429pt x 128.26636pt.

<images/web_feynman/image_75.png, id=2180, 447.6725pt x 372.39125pt>
File: images/web_feynman/image_75.png Graphic file (type png)

<use images/web_feynman/image_75.png>
Package pdftex.def Info: images/web_feynman/image_75.png used on input line 369
.
(pdftex.def)             Requested size: 184.9429pt x 153.84625pt.

Overfull \hbox (24.00002pt too wide) in paragraph at lines 367--371
 [] 
 []

<images/web_feynman/image_76.png, id=2181, 582.175pt x 396.48125pt>
File: images/web_feynman/image_76.png Graphic file (type png)

<use images/web_feynman/image_76.png>
Package pdftex.def Info: images/web_feynman/image_76.png used on input line 382
.
(pdftex.def)             Requested size: 369.88582pt x 251.90797pt.
 [164 <./images/web_feynman/image_73a.png> <./images/web_feynman/image_73b.png>
 <./images/web_feynman/image_74.png> <./images/web_feynman/image_75.png>]) [165
 <./images/web_feynman/image_76.png>]
[166

] (./chapter_15.tex
Chapter 15.
[167

] [168] [169]
<images/web_feynman/image_77.png, id=2217, 697.60625pt x 316.18124pt>
File: images/web_feynman/image_77.png Graphic file (type png)

<use images/web_feynman/image_77.png>
Package pdftex.def Info: images/web_feynman/image_77.png used on input line 160
.
(pdftex.def)             Requested size: 369.88582pt x 167.64763pt.

Overfull \hbox (37.2725pt too wide) in alignment at lines 166--172
 [][][] []
 []

[170] <images/web_feynman/image_78.png, id=2223, 459.7175pt x 320.19624pt>
File: images/web_feynman/image_78.png Graphic file (type png)

<use images/web_feynman/image_78.png>
Package pdftex.def Info: images/web_feynman/image_78.png used on input line 192
.
(pdftex.def)             Requested size: 184.9429pt x 128.81398pt.

Overfull \hbox (97.89217pt too wide) in alignment at lines 198--212
 [][][] []
 []

[171 <./images/web_feynman/image_77.png> <./images/web_feynman/image_78.png>]
[172] <images/web_feynman/image_79.png, id=2237, 626.34pt x 436.63126pt>
File: images/web_feynman/image_79.png Graphic file (type png)

<use images/web_feynman/image_79.png>
Package pdftex.def Info: images/web_feynman/image_79.png used on input line 287
.
(pdftex.def)             Requested size: 369.88582pt x 257.86337pt.

<images/web_feynman/image_80.png, id=2238, 573.14125pt x 515.9275pt>
File: images/web_feynman/image_80.png Graphic file (type png)

<use images/web_feynman/image_80.png>
Package pdftex.def Info: images/web_feynman/image_80.png used on input line 303
.
(pdftex.def)             Requested size: 184.9429pt x 166.47784pt.
 [173 <./images/web_feynman/image_79.png>] <images/web_feynman/image_81.png, id
=2245, 642.4pt x 361.35pt>
File: images/web_feynman/image_81.png Graphic file (type png)

<use images/web_feynman/image_81.png>
Package pdftex.def Info: images/web_feynman/image_81.png used on input line 315
.
(pdftex.def)             Requested size: 369.88582pt x 208.06686pt.
 [174 <./images/web_feynman/image_80.png> <./images/web_feynman/image_81.png>]
<images/web_feynman/image_82.png, id=2253, 530.98375pt x 417.56pt>
File: images/web_feynman/image_82.png Graphic file (type png)

<use images/web_feynman/image_82.png>
Package pdftex.def Info: images/web_feynman/image_82.png used on input line 335
.
(pdftex.def)             Requested size: 277.41435pt x 218.15823pt.
) [175 <./images/web_feynman/image_82.png>] [176

] (./chapter_16.tex
Chapter 16.
[177

] <images/web_feynman/image_83.png, id=2273, 532.99126pt x 432.61626pt>
File: images/web_feynman/image_83.png Graphic file (type png)

<use images/web_feynman/image_83.png>
Package pdftex.def Info: images/web_feynman/image_83.png used on input line 41.

(pdftex.def)             Requested size: 277.41435pt x 225.17299pt.

Overfull \hbox (47.04198pt too wide) in alignment at lines 55--61
 [][][] []
 []

[178 <./images/web_feynman/image_83.png>] [179] [180]
Overfull \hbox (60.69524pt too wide) in alignment at lines 245--312
 [][][] []
 []

[181] <images/web_feynman/image_84.png, id=2296, 603.25375pt x 685.56125pt>
File: images/web_feynman/image_84.png Graphic file (type png)

<use images/web_feynman/image_84.png>
Package pdftex.def Info: images/web_feynman/image_84.png used on input line 360
.
(pdftex.def)             Requested size: 277.41435pt x 315.25739pt.
 [182]
Overfull \hbox (35.37643pt too wide) in alignment at lines 384--402
 [][][] []
 []

<images/web_feynman/image_85.png, id=2302, 386.44376pt x 579.16376pt>
File: images/web_feynman/image_85.png Graphic file (type png)

<use images/web_feynman/image_85.png>
Package pdftex.def Info: images/web_feynman/image_85.png used on input line 414
.
(pdftex.def)             Requested size: 184.9429pt x 277.17357pt.
 [183 <./images/web_feynman/image_84.png>] [184 <./images/web_feynman/image_85.
png>] [185] [186] [187]
<images/web_feynman/image_86.png, id=2331, 620.3175pt x 566.115pt>
File: images/web_feynman/image_86.png Graphic file (type png)

<use images/web_feynman/image_86.png>
Package pdftex.def Info: images/web_feynman/image_86.png used on input line 678
.
(pdftex.def)             Requested size: 369.88582pt x 337.56389pt.
) [188] [189 <./images/web_feynman/image_86.png>] [190

] (./bibliography.tex
Overfull \hbox (6.0pt too wide) in paragraph at lines 1--1
[][] 
 []


Underfull \hbox (badness 4303) in paragraph at lines 2--3
[]\OT1/cmr/m/it/10 ``Extended ro-ta-tion curves of spi-ral galax-ies: dark halo
es and mod-
 []


Underfull \hbox (badness 10000) in paragraph at lines 2--3
\OT1/cmr/m/it/10 i-fied dy-nam-ics''\OT1/cmr/m/n/10 , MN-RAS, vol. 249, April 1
, 1991, p. 523-537.
 []


Underfull \hbox (badness 1389) in paragraph at lines 4--5
\OT1/cmr/m/it/10 with-out dark en-ergy'' \OT1/cmr/m/n/10 (http://phys.org/news/
 2011-10-supernovae-universe-
 []


Underfull \hbox (badness 1910) in paragraph at lines 10--11
[]\OT1/cmr/m/it/10 ``Low en-ergy pion-nucleon scat-ter-ing''\OT1/cmr/m/n/10 , B
 Levi et al. SLAC-131 UC-34
 []


Underfull \hbox (badness 2050) in paragraph at lines 20--21
[]\OT1/cmr/m/it/10 ``Precision Elec-troweak Mea-sure-ments on the $\OML/cmm/m/i
t/10 Z$ \OT1/cmr/m/it/10 Res-o-nance''\OT1/cmr/m/n/10 , arXiv:hep-
 []


Underfull \hbox (badness 10000) in paragraph at lines 22--23
[]\OT1/cmr/m/it/10 ``Discovery of the bot-tom quark, Up-silon''
 []


Underfull \hbox (badness 5245) in paragraph at lines 24--25
[]\OT1/cmr/m/it/10 ``Measurement of the in-clu-sive jet cross sec-tion in $\OML
/cmm/m/it/10 pp$ \OT1/cmr/m/it/10 col-li-sions at
 []


Underfull \hbox (badness 2035) in paragraph at lines 24--25
[] \OT1/cmr/m/n/10 = 2\OML/cmm/m/it/10 :\OT1/cmr/m/n/10 76[]$ \OT1/cmr/m/it/10 
and com-par-i-son to the in-clu-sive jet cross sec-tion at
 []


Underfull \hbox (badness 2875) in paragraph at lines 24--25
[] \OT1/cmr/m/n/10 = 7[]$ \OT1/cmr/m/it/10 us-ing the AT-LAS de-tec-tor'' \OT1/
cmr/m/n/10 , arXiv:1304.4739 [hep-ex]
 []

[191

]) 
AED: lastpage setting LastPage
[192]
Package atveryend Info: Empty hook `BeforeClearDocument' on input line 75.
Package atveryend Info: Empty hook `AfterLastShipout' on input line 75.
 (./StandardModel.aux)
Package atveryend Info: Executing hook `AtVeryEndDocument' on input line 75.
Package atveryend Info: Executing hook `AtEndAfterFileList' on input line 75.
Package rerunfilecheck Info: File `StandardModel.out' has not changed.
(rerunfilecheck)             Checksum: 3B3879215F7A9F71A5A2FCED9CBE2D70;9498.


LaTeX Warning: There were multiply-defined labels.

Package atveryend Info: Empty hook `AtVeryVeryEnd' on input line 75.
 ) 
Here is how much of TeX's memory you used:
 9331 strings out of 493315
 138844 string characters out of 6137904
 262514 words of memory out of 5000000
 12034 multiletter control sequences out of 15000+600000
 13784 words of font info for 58 fonts, out of 8000000 for 9000
 957 hyphenation exceptions out of 8191
 30i,14n,43p,3241b,432s stack positions out of 5000i,500n,10000p,200000b,80000s
</usr/local/texlive/2013/texmf-dist/fonts/type1/public/amsfonts/cm/cmbx10.pfb
></usr/local/texlive/2013/texmf-dist/fonts/type1/public/amsfonts/cm/cmbx12.pfb>
</usr/local/texlive/2013/texmf-dist/fonts/type1/public/amsfonts/cm/cmex10.pfb><
/usr/local/texlive/2013/texmf-dist/fonts/type1/public/amsfonts/cm/cmmi10.pfb></
usr/local/texlive/2013/texmf-dist/fonts/type1/public/amsfonts/cm/cmmi12.pfb></u
sr/local/texlive/2013/texmf-dist/fonts/type1/public/amsfonts/cm/cmmi5.pfb></usr
/local/texlive/2013/texmf-dist/fonts/type1/public/amsfonts/cm/cmmi7.pfb></usr/l
ocal/texlive/2013/texmf-dist/fonts/type1/public/amsfonts/cm/cmmi8.pfb></usr/loc
al/texlive/2013/texmf-dist/fonts/type1/public/amsfonts/cm/cmr10.pfb></usr/local
/texlive/2013/texmf-dist/fonts/type1/public/amsfonts/cm/cmr12.pfb></usr/local/t
exlive/2013/texmf-dist/fonts/type1/public/amsfonts/cm/cmr17.pfb></usr/local/tex
live/2013/texmf-dist/fonts/type1/public/amsfonts/cm/cmr5.pfb></usr/local/texliv
e/2013/texmf-dist/fonts/type1/public/amsfonts/cm/cmr7.pfb></usr/local/texlive/2
013/texmf-dist/fonts/type1/public/amsfonts/cm/cmr8.pfb></usr/local/texlive/2013
/texmf-dist/fonts/type1/public/amsfonts/cm/cmsy10.pfb></usr/local/texlive/2013/
texmf-dist/fonts/type1/public/amsfonts/cm/cmsy5.pfb></usr/local/texlive/2013/te
xmf-dist/fonts/type1/public/amsfonts/cm/cmsy7.pfb></usr/local/texlive/2013/texm
f-dist/fonts/type1/public/amsfonts/cm/cmsy8.pfb></usr/local/texlive/2013/texmf-
dist/fonts/type1/public/amsfonts/cm/cmti10.pfb></usr/local/texlive/2013/texmf-d
ist/fonts/type1/public/amsfonts/latxfont/lasy10.pfb>
Output written on StandardModel.pdf (192 pages, 4135871 bytes).
PDF statistics:
 2528 PDF objects out of 2984 (max. 8388607)
 2038 compressed objects within 21 object streams
 463 named destinations out of 1000 (max. 500000)
 1521 words of extra memory for PDF output out of 10000 (max. 10000000)

